#
# There is insufficient memory for the Java Runtime Environment to continue.
# Native memory allocation (malloc) failed to allocate 1262176 bytes for Chunk::new
# Possible reasons:
#   The system is out of physical RAM or swap space
#   The process is running with CompressedOops enabled, and the Java Heap may be blocking the growth of the native heap
# Possible solutions:
#   Reduce memory load on the system
#   Increase physical memory or swap space
#   Check if swap backing store is full
#   Decrease Java heap size (-Xmx/-Xms)
#   Decrease number of Java threads
#   Decrease Java thread stack sizes (-Xss)
#   Set larger code cache with -XX:ReservedCodeCacheSize=
#   JVM is running with Unscaled Compressed Oops mode in which the Java heap is
#     placed in the first 4GB address space. The Java Heap base address is the
#     maximum limit for the native heap growth. Please use -XX:HeapBaseMinAddress
#     to set the Java Heap base and to place the Java Heap above 4GB virtual address.
# This output file may be truncated or incomplete.
#
#  Out of Memory Error (./src/hotspot/share/memory/arena.cpp:197), pid=10364, tid=10188
#
# JRE version: OpenJDK Runtime Environment (11.0.11+9) (build 11.0.11+9-b60-7590822)
# Java VM: OpenJDK 64-Bit Server VM (11.0.11+9-b60-7590822, mixed mode, tiered, compressed oops, g1 gc, windows-amd64)
# No core dump will be written. Minidumps are not enabled by default on client versions of Windows
#

---------------  S U M M A R Y ------------

Command Line: org.jetbrains.kotlin.cli.jvm.K2JVMCompiler @C:\Users\user\AndroidStudioProjects\TodoApplication\app\build\20220911_1152527149780056669.compiler.options

Host: Intel(R) Core(TM) i5-1035G1 CPU @ 1.00GHz, 8 cores, 7G,  Windows 10 , 64 bit Build 19041 (10.0.19041.1889)
Time: Sun Sep 11 14:30:35 2022 Nepal Standard Time elapsed time: 9.189663 seconds (0d 0h 0m 9s)

---------------  T H R E A D  ---------------

Current thread (0x0000028a616ce800):  JavaThread "C2 CompilerThread0" daemon [_thread_in_native, id=10188, stack(0x000000cbda600000,0x000000cbda700000)]


Current CompileTask:
C2:   9189 5721       4       org.jetbrains.kotlin.resolve.lazy.ForceResolveUtil::doForceResolveAllContents (222 bytes)

Stack: [0x000000cbda600000,0x000000cbda700000]
Native frames: (J=compiled Java code, j=interpreted, Vv=VM code, C=native code)
V  [jvm.dll+0x5f214a]
V  [jvm.dll+0x726fb5]
V  [jvm.dll+0x7285cd]
V  [jvm.dll+0x728c83]
V  [jvm.dll+0x243278]
V  [jvm.dll+0xbc53c]
V  [jvm.dll+0xbca3c]
V  [jvm.dll+0x2b5c34]
V  [jvm.dll+0x508488]
V  [jvm.dll+0x203d53]
V  [jvm.dll+0x1fdbac]
V  [jvm.dll+0x1fb35f]
V  [jvm.dll+0x183d6c]
V  [jvm.dll+0x209a57]
V  [jvm.dll+0x2082a1]
V  [jvm.dll+0x6ef58f]
V  [jvm.dll+0x6e80b5]
V  [jvm.dll+0x5f1036]
C  [ucrtbase.dll+0x21bb2]
C  [KERNEL32.DLL+0x17034]
C  [ntdll.dll+0x52651]


---------------  P R O C E S S  ---------------

Threads class SMR info:
_java_thread_list=0x0000028a66525b90, length=12, elements={
0x0000028a46aad000, 0x0000028a60d49800, 0x0000028a60d4b000, 0x0000028a616c8800,
0x0000028a616ca000, 0x0000028a616cc000, 0x0000028a616ce800, 0x0000028a616cf800,
0x0000028a60d6c000, 0x0000028a6183a000, 0x0000028a62b87800, 0x0000028a65124000
}

Java Threads: ( => current thread )
  0x0000028a46aad000 JavaThread "main" [_thread_in_Java, id=564, stack(0x000000cbd9a00000,0x000000cbd9b00000)]
  0x0000028a60d49800 JavaThread "Reference Handler" daemon [_thread_blocked, id=5140, stack(0x000000cbda100000,0x000000cbda200000)]
  0x0000028a60d4b000 JavaThread "Finalizer" daemon [_thread_blocked, id=7156, stack(0x000000cbda200000,0x000000cbda300000)]
  0x0000028a616c8800 JavaThread "Signal Dispatcher" daemon [_thread_blocked, id=2704, stack(0x000000cbda300000,0x000000cbda400000)]
  0x0000028a616ca000 JavaThread "Attach Listener" daemon [_thread_blocked, id=12144, stack(0x000000cbda400000,0x000000cbda500000)]
  0x0000028a616cc000 JavaThread "Service Thread" daemon [_thread_blocked, id=3948, stack(0x000000cbda500000,0x000000cbda600000)]
=>0x0000028a616ce800 JavaThread "C2 CompilerThread0" daemon [_thread_in_native, id=10188, stack(0x000000cbda600000,0x000000cbda700000)]
  0x0000028a616cf800 JavaThread "C1 CompilerThread0" daemon [_thread_in_native, id=11028, stack(0x000000cbda700000,0x000000cbda800000)]
  0x0000028a60d6c000 JavaThread "Sweeper thread" daemon [_thread_blocked, id=8960, stack(0x000000cbda800000,0x000000cbda900000)]
  0x0000028a6183a000 JavaThread "Common-Cleaner" daemon [_thread_blocked, id=12460, stack(0x000000cbdaa00000,0x000000cbdab00000)]
  0x0000028a62b87800 JavaThread "C2 CompilerThread1" daemon [_thread_blocked, id=4376, stack(0x000000cbdae00000,0x000000cbdaf00000)]
  0x0000028a65124000 JavaThread "C2 CompilerThread2" daemon [_thread_blocked, id=1408, stack(0x000000cbdaf00000,0x000000cbdb000000)]

Other Threads:
  0x0000028a60d25800 VMThread "VM Thread" [stack: 0x000000cbda000000,0x000000cbda100000] [id=8144]
  0x0000028a6181e800 WatcherThread [stack: 0x000000cbda900000,0x000000cbdaa00000] [id=8492]
  0x0000028a46ac4800 GCTaskThread "GC Thread#0" [stack: 0x000000cbd9b00000,0x000000cbd9c00000] [id=12136]
  0x0000028a61f45800 GCTaskThread "GC Thread#1" [stack: 0x000000cbdab00000,0x000000cbdac00000] [id=12316]
  0x0000028a61f5b000 GCTaskThread "GC Thread#2" [stack: 0x000000cbdac00000,0x000000cbdad00000] [id=11284]
  0x0000028a46af4000 ConcurrentGCThread "G1 Main Marker" [stack: 0x000000cbd9c00000,0x000000cbd9d00000] [id=13696]
  0x0000028a46af5800 ConcurrentGCThread "G1 Conc#0" [stack: 0x000000cbd9d00000,0x000000cbd9e00000] [id=11184]
  0x0000028a620e5800 ConcurrentGCThread "G1 Conc#1" [stack: 0x000000cbdad00000,0x000000cbdae00000] [id=5460]
  0x0000028a60b90800 ConcurrentGCThread "G1 Refine#0" [stack: 0x000000cbd9e00000,0x000000cbd9f00000] [id=6316]
  0x0000028a621e7000 ConcurrentGCThread "G1 Refine#1" [stack: 0x000000cbdb000000,0x000000cbdb100000] [id=13880]
  0x0000028a60b91800 ConcurrentGCThread "G1 Young RemSet Sampling" [stack: 0x000000cbd9f00000,0x000000cbda000000] [id=4900]

Threads with active compile tasks:
C2 CompilerThread0   9352 5721       4       org.jetbrains.kotlin.resolve.lazy.ForceResolveUtil::doForceResolveAllContents (222 bytes)
C1 CompilerThread0   9352 5996       3       org.jetbrains.kotlin.psi.KtExpression$$Lambda$154/0x000000010037ac40::create (8 bytes)

VM state:not at safepoint (normal execution)

VM Mutex/Monitor currently owned by a thread: None

Heap address: 0x0000000083a00000, size: 1990 MB, Compressed Oops mode: 32-bit
Narrow klass base: 0x0000000000000000, Narrow klass shift: 3
Compressed class space size: 1073741824 Address: 0x0000000100000000

Heap:
 garbage-first heap   total 155648K, used 71470K [0x0000000083a00000, 0x0000000100000000)
  region size 1024K, 39 young (39936K), 8 survivors (8192K)
 Metaspace       used 56116K, capacity 56787K, committed 56880K, reserved 1099776K
  class space    used 6473K, capacity 6712K, committed 6784K, reserved 1048576K
Heap Regions: E=young(eden), S=young(survivor), O=old, HS=humongous(starts), HC=humongous(continues), CS=collection set, F=free, A=archive, TAMS=top-at-mark-start (previous, next)
|   0|0x0000000083a00000, 0x0000000083b00000, 0x0000000083b00000|100%|HS|  |TAMS 0x0000000083b00000, 0x0000000083a00000| Complete 
|   1|0x0000000083b00000, 0x0000000083c00000, 0x0000000083c00000|100%|HC|  |TAMS 0x0000000083c00000, 0x0000000083b00000| Complete 
|   2|0x0000000083c00000, 0x0000000083d00000, 0x0000000083d00000|100%|HC|  |TAMS 0x0000000083d00000, 0x0000000083c00000| Complete 
|   3|0x0000000083d00000, 0x0000000083e00000, 0x0000000083e00000|100%|HS|  |TAMS 0x0000000083e00000, 0x0000000083d00000| Complete 
|   4|0x0000000083e00000, 0x0000000083f00000, 0x0000000083f00000|100%|HC|  |TAMS 0x0000000083f00000, 0x0000000083e00000| Complete 
|   5|0x0000000083f00000, 0x0000000084000000, 0x0000000084000000|100%|HC|  |TAMS 0x0000000084000000, 0x0000000083f00000| Complete 
|   6|0x0000000084000000, 0x0000000084100000, 0x0000000084100000|100%| O|  |TAMS 0x0000000084000000, 0x0000000084000000| Untracked 
|   7|0x0000000084100000, 0x0000000084200000, 0x0000000084200000|100%| O|  |TAMS 0x0000000084100000, 0x0000000084100000| Untracked 
|   8|0x0000000084200000, 0x0000000084300000, 0x0000000084300000|100%| O|  |TAMS 0x0000000084300000, 0x0000000084200000| Untracked 
|   9|0x0000000084300000, 0x0000000084400000, 0x0000000084400000|100%| O|  |TAMS 0x0000000084400000, 0x0000000084300000| Untracked 
|  10|0x0000000084400000, 0x0000000084500000, 0x0000000084500000|100%| O|  |TAMS 0x0000000084500000, 0x0000000084400000| Untracked 
|  11|0x0000000084500000, 0x0000000084600000, 0x0000000084600000|100%| O|  |TAMS 0x0000000084600000, 0x0000000084500000| Untracked 
|  12|0x0000000084600000, 0x0000000084700000, 0x0000000084700000|100%| O|  |TAMS 0x0000000084700000, 0x0000000084600000| Untracked 
|  13|0x0000000084700000, 0x0000000084800000, 0x0000000084800000|100%| O|  |TAMS 0x0000000084800000, 0x0000000084700000| Untracked 
|  14|0x0000000084800000, 0x0000000084900000, 0x0000000084900000|100%| O|  |TAMS 0x0000000084900000, 0x0000000084800000| Untracked 
|  15|0x0000000084900000, 0x0000000084a00000, 0x0000000084a00000|100%| O|  |TAMS 0x0000000084a00000, 0x0000000084900000| Untracked 
|  16|0x0000000084a00000, 0x0000000084b00000, 0x0000000084b00000|100%| O|  |TAMS 0x0000000084b00000, 0x0000000084a00000| Untracked 
|  17|0x0000000084b00000, 0x0000000084c00000, 0x0000000084c00000|100%| O|  |TAMS 0x0000000084c00000, 0x0000000084b00000| Untracked 
|  18|0x0000000084c00000, 0x0000000084d00000, 0x0000000084d00000|100%| O|  |TAMS 0x0000000084d00000, 0x0000000084c00000| Untracked 
|  19|0x0000000084d00000, 0x0000000084e00000, 0x0000000084e00000|100%| O|  |TAMS 0x0000000084e00000, 0x0000000084d00000| Untracked 
|  20|0x0000000084e00000, 0x0000000084f00000, 0x0000000084f00000|100%|HS|  |TAMS 0x0000000084e00000, 0x0000000084e00000| Complete 
|  21|0x0000000084f00000, 0x0000000085000000, 0x0000000085000000|100%|HC|  |TAMS 0x0000000084f00000, 0x0000000084f00000| Complete 
|  22|0x0000000085000000, 0x0000000085100000, 0x0000000085100000|100%| O|  |TAMS 0x0000000085000000, 0x0000000085000000| Untracked 
|  23|0x0000000085100000, 0x0000000085200000, 0x0000000085200000|100%| O|  |TAMS 0x0000000085100000, 0x0000000085100000| Untracked 
|  24|0x0000000085200000, 0x0000000085300000, 0x0000000085300000|100%| O|  |TAMS 0x0000000085200000, 0x0000000085200000| Untracked 
|  25|0x0000000085300000, 0x0000000085400000, 0x0000000085400000|100%| O|  |TAMS 0x0000000085300000, 0x0000000085300000| Untracked 
|  26|0x0000000085400000, 0x0000000085500000, 0x0000000085500000|100%| O|  |TAMS 0x0000000085400000, 0x0000000085400000| Untracked 
|  27|0x0000000085500000, 0x0000000085600000, 0x0000000085600000|100%| O|  |TAMS 0x0000000085500000, 0x0000000085500000| Untracked 
|  28|0x0000000085600000, 0x0000000085700000, 0x0000000085700000|100%| O|  |TAMS 0x0000000085600000, 0x0000000085600000| Untracked 
|  29|0x0000000085700000, 0x0000000085800000, 0x0000000085800000|100%| O|  |TAMS 0x0000000085700000, 0x0000000085700000| Untracked 
|  30|0x0000000085800000, 0x0000000085900000, 0x0000000085900000|100%| O|  |TAMS 0x0000000085800000, 0x0000000085800000| Untracked 
|  31|0x0000000085900000, 0x00000000859cba00, 0x0000000085a00000| 79%| O|  |TAMS 0x0000000085900000, 0x0000000085900000| Untracked 
|  32|0x0000000085a00000, 0x0000000085a00000, 0x0000000085b00000|  0%| F|  |TAMS 0x0000000085a00000, 0x0000000085a00000| Untracked 
|  33|0x0000000085b00000, 0x0000000085b00000, 0x0000000085c00000|  0%| F|  |TAMS 0x0000000085b00000, 0x0000000085b00000| Untracked 
|  34|0x0000000085c00000, 0x0000000085c00000, 0x0000000085d00000|  0%| F|  |TAMS 0x0000000085c00000, 0x0000000085c00000| Untracked 
|  35|0x0000000085d00000, 0x0000000085d00000, 0x0000000085e00000|  0%| F|  |TAMS 0x0000000085d00000, 0x0000000085d00000| Untracked 
|  36|0x0000000085e00000, 0x0000000085e00000, 0x0000000085f00000|  0%| F|  |TAMS 0x0000000085e00000, 0x0000000085e00000| Untracked 
|  37|0x0000000085f00000, 0x0000000085f00000, 0x0000000086000000|  0%| F|  |TAMS 0x0000000085f00000, 0x0000000085f00000| Untracked 
|  38|0x0000000086000000, 0x0000000086000000, 0x0000000086100000|  0%| F|  |TAMS 0x0000000086000000, 0x0000000086000000| Untracked 
|  39|0x0000000086100000, 0x0000000086100000, 0x0000000086200000|  0%| F|  |TAMS 0x0000000086100000, 0x0000000086100000| Untracked 
|  40|0x0000000086200000, 0x0000000086200000, 0x0000000086300000|  0%| F|  |TAMS 0x0000000086200000, 0x0000000086200000| Untracked 
|  41|0x0000000086300000, 0x0000000086300000, 0x0000000086400000|  0%| F|  |TAMS 0x0000000086300000, 0x0000000086300000| Untracked 
|  42|0x0000000086400000, 0x0000000086400000, 0x0000000086500000|  0%| F|  |TAMS 0x0000000086400000, 0x0000000086400000| Untracked 
|  43|0x0000000086500000, 0x0000000086500000, 0x0000000086600000|  0%| F|  |TAMS 0x0000000086500000, 0x0000000086500000| Untracked 
|  44|0x0000000086600000, 0x0000000086600000, 0x0000000086700000|  0%| F|  |TAMS 0x0000000086600000, 0x0000000086600000| Untracked 
|  45|0x0000000086700000, 0x0000000086700000, 0x0000000086800000|  0%| F|  |TAMS 0x0000000086700000, 0x0000000086700000| Untracked 
|  46|0x0000000086800000, 0x0000000086800000, 0x0000000086900000|  0%| F|  |TAMS 0x0000000086800000, 0x0000000086800000| Untracked 
|  47|0x0000000086900000, 0x0000000086900000, 0x0000000086a00000|  0%| F|  |TAMS 0x0000000086900000, 0x0000000086900000| Untracked 
|  48|0x0000000086a00000, 0x0000000086a00000, 0x0000000086b00000|  0%| F|  |TAMS 0x0000000086a00000, 0x0000000086a00000| Untracked 
|  49|0x0000000086b00000, 0x0000000086b00000, 0x0000000086c00000|  0%| F|  |TAMS 0x0000000086b00000, 0x0000000086b00000| Untracked 
|  50|0x0000000086c00000, 0x0000000086c00000, 0x0000000086d00000|  0%| F|  |TAMS 0x0000000086c00000, 0x0000000086c00000| Untracked 
|  51|0x0000000086d00000, 0x0000000086d00000, 0x0000000086e00000|  0%| F|  |TAMS 0x0000000086d00000, 0x0000000086d00000| Untracked 
|  52|0x0000000086e00000, 0x0000000086e00000, 0x0000000086f00000|  0%| F|  |TAMS 0x0000000086e00000, 0x0000000086e00000| Untracked 
|  53|0x0000000086f00000, 0x0000000086f00000, 0x0000000087000000|  0%| F|  |TAMS 0x0000000086f00000, 0x0000000086f00000| Untracked 
|  54|0x0000000087000000, 0x0000000087000000, 0x0000000087100000|  0%| F|  |TAMS 0x0000000087000000, 0x0000000087000000| Untracked 
|  55|0x0000000087100000, 0x0000000087100000, 0x0000000087200000|  0%| F|  |TAMS 0x0000000087100000, 0x0000000087100000| Untracked 
|  56|0x0000000087200000, 0x0000000087200000, 0x0000000087300000|  0%| F|  |TAMS 0x0000000087200000, 0x0000000087200000| Untracked 
|  57|0x0000000087300000, 0x0000000087300000, 0x0000000087400000|  0%| F|  |TAMS 0x0000000087300000, 0x0000000087300000| Untracked 
|  58|0x0000000087400000, 0x0000000087400000, 0x0000000087500000|  0%| F|  |TAMS 0x0000000087400000, 0x0000000087400000| Untracked 
|  59|0x0000000087500000, 0x0000000087500000, 0x0000000087600000|  0%| F|  |TAMS 0x0000000087500000, 0x0000000087500000| Untracked 
|  60|0x0000000087600000, 0x0000000087600000, 0x0000000087700000|  0%| F|  |TAMS 0x0000000087600000, 0x0000000087600000| Untracked 
|  61|0x0000000087700000, 0x0000000087700000, 0x0000000087800000|  0%| F|  |TAMS 0x0000000087700000, 0x0000000087700000| Untracked 
|  62|0x0000000087800000, 0x0000000087800000, 0x0000000087900000|  0%| F|  |TAMS 0x0000000087800000, 0x0000000087800000| Untracked 
|  63|0x0000000087900000, 0x0000000087900000, 0x0000000087a00000|  0%| F|  |TAMS 0x0000000087900000, 0x0000000087900000| Untracked 
|  64|0x0000000087a00000, 0x0000000087a00000, 0x0000000087b00000|  0%| F|  |TAMS 0x0000000087a00000, 0x0000000087a00000| Untracked 
|  65|0x0000000087b00000, 0x0000000087b00000, 0x0000000087c00000|  0%| F|  |TAMS 0x0000000087b00000, 0x0000000087b00000| Untracked 
|  66|0x0000000087c00000, 0x0000000087c00000, 0x0000000087d00000|  0%| F|  |TAMS 0x0000000087c00000, 0x0000000087c00000| Untracked 
|  67|0x0000000087d00000, 0x0000000087d00000, 0x0000000087e00000|  0%| F|  |TAMS 0x0000000087d00000, 0x0000000087d00000| Untracked 
|  68|0x0000000087e00000, 0x0000000087e00000, 0x0000000087f00000|  0%| F|  |TAMS 0x0000000087e00000, 0x0000000087e00000| Untracked 
|  69|0x0000000087f00000, 0x0000000087f00000, 0x0000000088000000|  0%| F|  |TAMS 0x0000000087f00000, 0x0000000087f00000| Untracked 
|  70|0x0000000088000000, 0x0000000088000000, 0x0000000088100000|  0%| F|  |TAMS 0x0000000088000000, 0x0000000088000000| Untracked 
|  71|0x0000000088100000, 0x0000000088100000, 0x0000000088200000|  0%| F|  |TAMS 0x0000000088100000, 0x0000000088100000| Untracked 
|  72|0x0000000088200000, 0x0000000088200000, 0x0000000088300000|  0%| F|  |TAMS 0x0000000088200000, 0x0000000088200000| Untracked 
|  73|0x0000000088300000, 0x0000000088300000, 0x0000000088400000|  0%| F|  |TAMS 0x0000000088300000, 0x0000000088300000| Untracked 
|  74|0x0000000088400000, 0x0000000088400000, 0x0000000088500000|  0%| F|  |TAMS 0x0000000088400000, 0x0000000088400000| Untracked 
|  75|0x0000000088500000, 0x0000000088500000, 0x0000000088600000|  0%| F|  |TAMS 0x0000000088500000, 0x0000000088500000| Untracked 
|  76|0x0000000088600000, 0x0000000088600000, 0x0000000088700000|  0%| F|  |TAMS 0x0000000088600000, 0x0000000088600000| Untracked 
|  77|0x0000000088700000, 0x0000000088700000, 0x0000000088800000|  0%| F|  |TAMS 0x0000000088700000, 0x0000000088700000| Untracked 
|  78|0x0000000088800000, 0x0000000088800000, 0x0000000088900000|  0%| F|  |TAMS 0x0000000088800000, 0x0000000088800000| Untracked 
|  79|0x0000000088900000, 0x0000000088900000, 0x0000000088a00000|  0%| F|  |TAMS 0x0000000088900000, 0x0000000088900000| Untracked 
|  80|0x0000000088a00000, 0x0000000088a00000, 0x0000000088b00000|  0%| F|  |TAMS 0x0000000088a00000, 0x0000000088a00000| Untracked 
|  81|0x0000000088b00000, 0x0000000088b00000, 0x0000000088c00000|  0%| F|  |TAMS 0x0000000088b00000, 0x0000000088b00000| Untracked 
|  82|0x0000000088c00000, 0x0000000088c00000, 0x0000000088d00000|  0%| F|  |TAMS 0x0000000088c00000, 0x0000000088c00000| Untracked 
|  83|0x0000000088d00000, 0x0000000088d00000, 0x0000000088e00000|  0%| F|  |TAMS 0x0000000088d00000, 0x0000000088d00000| Untracked 
|  84|0x0000000088e00000, 0x0000000088e00000, 0x0000000088f00000|  0%| F|  |TAMS 0x0000000088e00000, 0x0000000088e00000| Untracked 
|  85|0x0000000088f00000, 0x0000000088f00000, 0x0000000089000000|  0%| F|  |TAMS 0x0000000088f00000, 0x0000000088f00000| Untracked 
|  86|0x0000000089000000, 0x0000000089000000, 0x0000000089100000|  0%| F|  |TAMS 0x0000000089000000, 0x0000000089000000| Untracked 
|  87|0x0000000089100000, 0x0000000089200000, 0x0000000089200000|100%| S|CS|TAMS 0x0000000089100000, 0x0000000089100000| Complete 
|  88|0x0000000089200000, 0x0000000089300000, 0x0000000089300000|100%| S|CS|TAMS 0x0000000089200000, 0x0000000089200000| Complete 
|  89|0x0000000089300000, 0x0000000089400000, 0x0000000089400000|100%| S|CS|TAMS 0x0000000089300000, 0x0000000089300000| Complete 
|  90|0x0000000089400000, 0x0000000089500000, 0x0000000089500000|100%| S|CS|TAMS 0x0000000089400000, 0x0000000089400000| Complete 
|  91|0x0000000089500000, 0x0000000089600000, 0x0000000089600000|100%| S|CS|TAMS 0x0000000089500000, 0x0000000089500000| Complete 
|  92|0x0000000089600000, 0x0000000089700000, 0x0000000089700000|100%| S|CS|TAMS 0x0000000089600000, 0x0000000089600000| Complete 
|  93|0x0000000089700000, 0x0000000089800000, 0x0000000089800000|100%| S|CS|TAMS 0x0000000089700000, 0x0000000089700000| Complete 
|  94|0x0000000089800000, 0x0000000089900000, 0x0000000089900000|100%| S|CS|TAMS 0x0000000089800000, 0x0000000089800000| Complete 
|  95|0x0000000089900000, 0x0000000089900000, 0x0000000089a00000|  0%| F|  |TAMS 0x0000000089900000, 0x0000000089900000| Untracked 
|  96|0x0000000089a00000, 0x0000000089a00000, 0x0000000089b00000|  0%| F|  |TAMS 0x0000000089a00000, 0x0000000089a00000| Untracked 
|  97|0x0000000089b00000, 0x0000000089b00000, 0x0000000089c00000|  0%| F|  |TAMS 0x0000000089b00000, 0x0000000089b00000| Untracked 
|  98|0x0000000089c00000, 0x0000000089c00000, 0x0000000089d00000|  0%| F|  |TAMS 0x0000000089c00000, 0x0000000089c00000| Untracked 
|  99|0x0000000089d00000, 0x0000000089d00000, 0x0000000089e00000|  0%| F|  |TAMS 0x0000000089d00000, 0x0000000089d00000| Untracked 
| 100|0x0000000089e00000, 0x0000000089e00000, 0x0000000089f00000|  0%| F|  |TAMS 0x0000000089e00000, 0x0000000089e00000| Untracked 
| 101|0x0000000089f00000, 0x0000000089f00000, 0x000000008a000000|  0%| F|  |TAMS 0x0000000089f00000, 0x0000000089f00000| Untracked 
| 102|0x000000008a000000, 0x000000008a000000, 0x000000008a100000|  0%| F|  |TAMS 0x000000008a000000, 0x000000008a000000| Untracked 
| 103|0x000000008a100000, 0x000000008a100000, 0x000000008a200000|  0%| F|  |TAMS 0x000000008a100000, 0x000000008a100000| Untracked 
| 104|0x000000008a200000, 0x000000008a200000, 0x000000008a300000|  0%| F|  |TAMS 0x000000008a200000, 0x000000008a200000| Untracked 
| 105|0x000000008a300000, 0x000000008a300000, 0x000000008a400000|  0%| F|  |TAMS 0x000000008a300000, 0x000000008a300000| Untracked 
| 106|0x000000008a400000, 0x000000008a400000, 0x000000008a500000|  0%| F|  |TAMS 0x000000008a400000, 0x000000008a400000| Untracked 
| 107|0x000000008a500000, 0x000000008a500000, 0x000000008a600000|  0%| F|  |TAMS 0x000000008a500000, 0x000000008a500000| Untracked 
| 108|0x000000008a600000, 0x000000008a600000, 0x000000008a700000|  0%| F|  |TAMS 0x000000008a600000, 0x000000008a600000| Untracked 
| 109|0x000000008a700000, 0x000000008a700000, 0x000000008a800000|  0%| F|  |TAMS 0x000000008a700000, 0x000000008a700000| Untracked 
| 110|0x000000008a800000, 0x000000008a800000, 0x000000008a900000|  0%| F|  |TAMS 0x000000008a800000, 0x000000008a800000| Untracked 
| 111|0x000000008a900000, 0x000000008a900000, 0x000000008aa00000|  0%| F|  |TAMS 0x000000008a900000, 0x000000008a900000| Untracked 
| 112|0x000000008aa00000, 0x000000008aa00000, 0x000000008ab00000|  0%| F|  |TAMS 0x000000008aa00000, 0x000000008aa00000| Untracked 
| 113|0x000000008ab00000, 0x000000008ab00000, 0x000000008ac00000|  0%| F|  |TAMS 0x000000008ab00000, 0x000000008ab00000| Untracked 
| 114|0x000000008ac00000, 0x000000008ac00000, 0x000000008ad00000|  0%| F|  |TAMS 0x000000008ac00000, 0x000000008ac00000| Untracked 
| 115|0x000000008ad00000, 0x000000008ad00000, 0x000000008ae00000|  0%| F|  |TAMS 0x000000008ad00000, 0x000000008ad00000| Untracked 
| 116|0x000000008ae00000, 0x000000008ae00000, 0x000000008af00000|  0%| F|  |TAMS 0x000000008ae00000, 0x000000008ae00000| Untracked 
| 117|0x000000008af00000, 0x000000008af00000, 0x000000008b000000|  0%| F|  |TAMS 0x000000008af00000, 0x000000008af00000| Untracked 
| 118|0x000000008b000000, 0x000000008b000000, 0x000000008b100000|  0%| F|  |TAMS 0x000000008b000000, 0x000000008b000000| Untracked 
| 119|0x000000008b100000, 0x000000008b100000, 0x000000008b200000|  0%| F|  |TAMS 0x000000008b100000, 0x000000008b100000| Untracked 
| 120|0x000000008b200000, 0x000000008b200000, 0x000000008b300000|  0%| F|  |TAMS 0x000000008b200000, 0x000000008b200000| Untracked 
| 121|0x000000008b300000, 0x000000008b400000, 0x000000008b400000|100%| E|  |TAMS 0x000000008b300000, 0x000000008b300000| Complete 
| 122|0x000000008b400000, 0x000000008b500000, 0x000000008b500000|100%| E|CS|TAMS 0x000000008b400000, 0x000000008b400000| Complete 
| 123|0x000000008b500000, 0x000000008b600000, 0x000000008b600000|100%| E|CS|TAMS 0x000000008b500000, 0x000000008b500000| Complete 
| 124|0x000000008b600000, 0x000000008b700000, 0x000000008b700000|100%| E|CS|TAMS 0x000000008b600000, 0x000000008b600000| Complete 
| 125|0x000000008b700000, 0x000000008b800000, 0x000000008b800000|100%| E|CS|TAMS 0x000000008b700000, 0x000000008b700000| Complete 
| 126|0x000000008b800000, 0x000000008b900000, 0x000000008b900000|100%| E|CS|TAMS 0x000000008b800000, 0x000000008b800000| Complete 
| 127|0x000000008b900000, 0x000000008ba00000, 0x000000008ba00000|100%| E|CS|TAMS 0x000000008b900000, 0x000000008b900000| Complete 
| 128|0x000000008ba00000, 0x000000008bb00000, 0x000000008bb00000|100%| E|CS|TAMS 0x000000008ba00000, 0x000000008ba00000| Complete 
| 129|0x000000008bb00000, 0x000000008bc00000, 0x000000008bc00000|100%| E|CS|TAMS 0x000000008bb00000, 0x000000008bb00000| Complete 
| 130|0x000000008bc00000, 0x000000008bd00000, 0x000000008bd00000|100%| E|CS|TAMS 0x000000008bc00000, 0x000000008bc00000| Complete 
| 131|0x000000008bd00000, 0x000000008be00000, 0x000000008be00000|100%| E|CS|TAMS 0x000000008bd00000, 0x000000008bd00000| Complete 
| 132|0x000000008be00000, 0x000000008bf00000, 0x000000008bf00000|100%| E|CS|TAMS 0x000000008be00000, 0x000000008be00000| Complete 
| 133|0x000000008bf00000, 0x000000008c000000, 0x000000008c000000|100%| E|CS|TAMS 0x000000008bf00000, 0x000000008bf00000| Complete 
| 134|0x000000008c000000, 0x000000008c100000, 0x000000008c100000|100%| E|CS|TAMS 0x000000008c000000, 0x000000008c000000| Complete 
| 135|0x000000008c100000, 0x000000008c200000, 0x000000008c200000|100%| E|CS|TAMS 0x000000008c100000, 0x000000008c100000| Complete 
| 136|0x000000008c200000, 0x000000008c300000, 0x000000008c300000|100%| E|CS|TAMS 0x000000008c200000, 0x000000008c200000| Complete 
| 137|0x000000008c300000, 0x000000008c400000, 0x000000008c400000|100%| E|CS|TAMS 0x000000008c300000, 0x000000008c300000| Complete 
| 138|0x000000008c400000, 0x000000008c500000, 0x000000008c500000|100%| E|CS|TAMS 0x000000008c400000, 0x000000008c400000| Complete 
| 139|0x000000008c500000, 0x000000008c600000, 0x000000008c600000|100%| E|CS|TAMS 0x000000008c500000, 0x000000008c500000| Complete 
| 140|0x000000008c600000, 0x000000008c700000, 0x000000008c700000|100%| E|CS|TAMS 0x000000008c600000, 0x000000008c600000| Complete 
| 141|0x000000008c700000, 0x000000008c800000, 0x000000008c800000|100%| E|CS|TAMS 0x000000008c700000, 0x000000008c700000| Complete 
| 142|0x000000008c800000, 0x000000008c900000, 0x000000008c900000|100%| E|CS|TAMS 0x000000008c800000, 0x000000008c800000| Complete 
| 143|0x000000008c900000, 0x000000008ca00000, 0x000000008ca00000|100%| E|CS|TAMS 0x000000008c900000, 0x000000008c900000| Complete 
| 144|0x000000008ca00000, 0x000000008cb00000, 0x000000008cb00000|100%| E|CS|TAMS 0x000000008ca00000, 0x000000008ca00000| Complete 
| 145|0x000000008cb00000, 0x000000008cc00000, 0x000000008cc00000|100%| E|CS|TAMS 0x000000008cb00000, 0x000000008cb00000| Complete 
| 146|0x000000008cc00000, 0x000000008cd00000, 0x000000008cd00000|100%| E|CS|TAMS 0x000000008cc00000, 0x000000008cc00000| Complete 
| 147|0x000000008cd00000, 0x000000008ce00000, 0x000000008ce00000|100%| E|CS|TAMS 0x000000008cd00000, 0x000000008cd00000| Complete 
| 148|0x000000008ce00000, 0x000000008cf00000, 0x000000008cf00000|100%| E|CS|TAMS 0x000000008ce00000, 0x000000008ce00000| Complete 
| 149|0x000000008cf00000, 0x000000008d000000, 0x000000008d000000|100%| E|CS|TAMS 0x000000008cf00000, 0x000000008cf00000| Complete 
| 150|0x000000008d000000, 0x000000008d100000, 0x000000008d100000|100%| E|CS|TAMS 0x000000008d000000, 0x000000008d000000| Complete 
| 151|0x000000008d100000, 0x000000008d200000, 0x000000008d200000|100%| E|CS|TAMS 0x000000008d100000, 0x000000008d100000| Complete 

Card table byte_map: [0x0000028a59ce0000,0x0000028a5a0d0000] _byte_map_base: 0x0000028a598c3000

Marking Bits (Prev, Next): (CMBitMap*) 0x0000028a46aeb4f8, (CMBitMap*) 0x0000028a46aeb530
 Prev Bits: [0x0000028a5a4c0000, 0x0000028a5c3d8000)
 Next Bits: [0x0000028a5c3e0000, 0x0000028a5e2f8000)

Polling page: 0x0000028a44aa0000

Metaspace:

Usage:
  Non-class:     48.90 MB capacity,    48.52 MB (>99%) used,   309.20 KB ( <1%) free+waste,    84.25 KB ( <1%) overhead. 
      Class:      6.59 MB capacity,     6.33 MB ( 96%) used,   228.88 KB (  3%) free+waste,    36.19 KB ( <1%) overhead. 
       Both:     55.49 MB capacity,    54.85 MB ( 99%) used,   538.09 KB ( <1%) free+waste,   120.44 KB ( <1%) overhead. 

Virtual space:
  Non-class space:       50.00 MB reserved,      48.92 MB ( 98%) committed 
      Class space:        1.00 GB reserved,       6.63 MB ( <1%) committed 
             Both:        1.05 GB reserved,      55.55 MB (  5%) committed 

Chunk freelists:
   Non-Class:  20.00 KB
       Class:  8.00 KB
        Both:  28.00 KB

MaxMetaspaceSize: 17179869184.00 GB
CompressedClassSpaceSize: 1.00 GB

CodeHeap 'non-profiled nmethods': size=120000Kb used=2932Kb max_used=2932Kb free=117067Kb
 bounds [0x0000028a52080000, 0x0000028a52360000, 0x0000028a595b0000]
CodeHeap 'profiled nmethods': size=120000Kb used=14896Kb max_used=14896Kb free=105103Kb
 bounds [0x0000028a4ab50000, 0x0000028a4b9e0000, 0x0000028a52080000]
CodeHeap 'non-nmethods': size=5760Kb used=1226Kb max_used=1273Kb free=4533Kb
 bounds [0x0000028a4a5b0000, 0x0000028a4a820000, 0x0000028a4ab50000]
 total_blobs=6529 nmethods=5951 adapters=488
 compilation: enabled
              stopped_count=0, restarted_count=0
 full_count=0

Compilation events (20 events):
Event: 9.138 Thread 0x0000028a616cf800 nmethod 5817 0x0000028a4b94f190 code [0x0000028a4b94f360, 0x0000028a4b94f568]
Event: 9.138 Thread 0x0000028a616cf800 5818       3       org.jetbrains.kotlin.load.java.lazy.descriptors.LazyJavaPackageScope$classes$1::invoke (499 bytes)
Event: 9.147 Thread 0x0000028a616cf800 nmethod 5818 0x0000028a4b94f610 code [0x0000028a4b94ffe0, 0x0000028a4b955e48]
Event: 9.147 Thread 0x0000028a616cf800 5821       3       org.jetbrains.kotlin.descriptors.ScopesHolderForClass$Companion::create (39 bytes)
Event: 9.149 Thread 0x0000028a616cf800 nmethod 5821 0x0000028a4b957e10 code [0x0000028a4b9581c0, 0x0000028a4b959608]
Event: 9.149 Thread 0x0000028a616cf800 5822       3       org.jetbrains.kotlin.descriptors.ScopesHolderForClass::<init> (10 bytes)
Event: 9.149 Thread 0x0000028a616cf800 nmethod 5822 0x0000028a4b959d90 code [0x0000028a4b959f40, 0x0000028a4b95a068]
Event: 9.149 Thread 0x0000028a616cf800 5823       3       org.jetbrains.kotlin.descriptors.ScopesHolderForClass::<init> (42 bytes)
Event: 9.150 Thread 0x0000028a616cf800 nmethod 5823 0x0000028a4b95a110 code [0x0000028a4b95a300, 0x0000028a4b95a888]
Event: 9.150 Thread 0x0000028a616cf800 5819       3       org.jetbrains.kotlin.load.java.lazy.descriptors.LazyJavaPackageScope::access$resolveKotlinBinaryClass (6 bytes)
Event: 9.150 Thread 0x0000028a616cf800 nmethod 5819 0x0000028a4b95aa90 code [0x0000028a4b95ac40, 0x0000028a4b95ad48]
Event: 9.150 Thread 0x0000028a616cf800 5820       3       org.jetbrains.kotlin.load.java.lazy.descriptors.LazyJavaPackageScope::resolveKotlinBinaryClass (78 bytes)
Event: 9.151 Thread 0x0000028a616cf800 nmethod 5820 0x0000028a4b95ae10 code [0x0000028a4b95b0c0, 0x0000028a4b95bcb8]
Event: 9.156 Thread 0x0000028a616cf800 5824       3       org.jetbrains.kotlin.psi.KtPsiUtil::deparenthesize (18 bytes)
Event: 9.157 Thread 0x0000028a616cf800 nmethod 5824 0x0000028a4b95c110 code [0x0000028a4b95c2e0, 0x0000028a4b95c4a8]
Event: 9.157 Thread 0x0000028a616cf800 5825       3       org.jetbrains.kotlin.psi.KtPsiUtil::deparenthesizeOnce (68 bytes)
Event: 9.158 Thread 0x0000028a616cf800 nmethod 5825 0x0000028a4b95c590 code [0x0000028a4b95c7e0, 0x0000028a4b95d318]
Event: 9.158 Thread 0x0000028a616cf800 5826       1       org.jetbrains.kotlin.resolve.calls.tower.PSIKotlinCallImpl::getExternalArgument (5 bytes)
Event: 9.158 Thread 0x0000028a616cf800 nmethod 5826 0x0000028a5233c790 code [0x0000028a5233c940, 0x0000028a5233c9f8]
Event: 9.158 Thread 0x0000028a616cf800 5827       3       org.jetbrains.kotlin.types.TypeConstructorSubstitution$Companion::create (216 bytes)

GC Heap History (16 events):
Event: 1.153 GC heap before
{Heap before GC invocations=0 (full 0):
 garbage-first heap   total 129024K, used 27648K [0x0000000083a00000, 0x0000000100000000)
  region size 1024K, 24 young (24576K), 0 survivors (0K)
 Metaspace       used 12382K, capacity 12504K, committed 12800K, reserved 1060864K
  class space    used 1166K, capacity 1207K, committed 1280K, reserved 1048576K
}
Event: 1.158 GC heap after
{Heap after GC invocations=1 (full 0):
 garbage-first heap   total 129024K, used 5946K [0x0000000083a00000, 0x0000000100000000)
  region size 1024K, 3 young (3072K), 3 survivors (3072K)
 Metaspace       used 12382K, capacity 12504K, committed 12800K, reserved 1060864K
  class space    used 1166K, capacity 1207K, committed 1280K, reserved 1048576K
}
Event: 2.378 GC heap before
{Heap before GC invocations=1 (full 0):
 garbage-first heap   total 129024K, used 40762K [0x0000000083a00000, 0x0000000100000000)
  region size 1024K, 38 young (38912K), 3 survivors (3072K)
 Metaspace       used 20899K, capacity 21174K, committed 21296K, reserved 1069056K
  class space    used 2273K, capacity 2379K, committed 2432K, reserved 1048576K
}
Event: 2.388 GC heap after
{Heap after GC invocations=2 (full 0):
 garbage-first heap   total 129024K, used 9216K [0x0000000083a00000, 0x0000000100000000)
  region size 1024K, 6 young (6144K), 6 survivors (6144K)
 Metaspace       used 20899K, capacity 21174K, committed 21296K, reserved 1069056K
  class space    used 2273K, capacity 2379K, committed 2432K, reserved 1048576K
}
Event: 3.806 GC heap before
{Heap before GC invocations=3 (full 0):
 garbage-first heap   total 129024K, used 62464K [0x0000000083a00000, 0x0000000100000000)
  region size 1024K, 53 young (54272K), 6 survivors (6144K)
 Metaspace       used 32109K, capacity 32574K, committed 32816K, reserved 1077248K
  class space    used 4005K, capacity 4196K, committed 4224K, reserved 1048576K
}
Event: 3.835 GC heap after
{Heap after GC invocations=4 (full 0):
 garbage-first heap   total 129024K, used 20175K [0x0000000083a00000, 0x0000000100000000)
  region size 1024K, 7 young (7168K), 7 survivors (7168K)
 Metaspace       used 32109K, capacity 32574K, committed 32816K, reserved 1077248K
  class space    used 4005K, capacity 4196K, committed 4224K, reserved 1048576K
}
Event: 4.094 GC heap before
{Heap before GC invocations=4 (full 0):
 garbage-first heap   total 129024K, used 28367K [0x0000000083a00000, 0x0000000100000000)
  region size 1024K, 15 young (15360K), 7 survivors (7168K)
 Metaspace       used 34134K, capacity 34691K, committed 34992K, reserved 1079296K
  class space    used 4325K, capacity 4518K, committed 4608K, reserved 1048576K
}
Event: 4.115 GC heap after
{Heap after GC invocations=5 (full 0):
 garbage-first heap   total 129024K, used 21504K [0x0000000083a00000, 0x0000000100000000)
  region size 1024K, 1 young (1024K), 1 survivors (1024K)
 Metaspace       used 34134K, capacity 34691K, committed 34992K, reserved 1079296K
  class space    used 4325K, capacity 4518K, committed 4608K, reserved 1048576K
}
Event: 4.308 GC heap before
{Heap before GC invocations=5 (full 0):
 garbage-first heap   total 129024K, used 26624K [0x0000000083a00000, 0x0000000100000000)
  region size 1024K, 7 young (7168K), 1 survivors (1024K)
 Metaspace       used 35274K, capacity 35779K, committed 35888K, reserved 1081344K
  class space    used 4441K, capacity 4646K, committed 4736K, reserved 1048576K
}
Event: 4.311 GC heap after
{Heap after GC invocations=6 (full 0):
 garbage-first heap   total 129024K, used 21626K [0x0000000083a00000, 0x0000000100000000)
  region size 1024K, 2 young (2048K), 2 survivors (2048K)
 Metaspace       used 35274K, capacity 35779K, committed 35888K, reserved 1081344K
  class space    used 4441K, capacity 4646K, committed 4736K, reserved 1048576K
}
Event: 5.467 GC heap before
{Heap before GC invocations=7 (full 0):
 garbage-first heap   total 129024K, used 69754K [0x0000000083a00000, 0x0000000100000000)
  region size 1024K, 47 young (48128K), 2 survivors (2048K)
 Metaspace       used 44926K, capacity 45551K, committed 45872K, reserved 1089536K
  class space    used 5411K, capacity 5636K, committed 5760K, reserved 1048576K
}
Event: 5.478 GC heap after
{Heap after GC invocations=8 (full 0):
 garbage-first heap   total 129024K, used 25832K [0x0000000083a00000, 0x0000000100000000)
  region size 1024K, 6 young (6144K), 6 survivors (6144K)
 Metaspace       used 44926K, capacity 45551K, committed 45872K, reserved 1089536K
  class space    used 5411K, capacity 5636K, committed 5760K, reserved 1048576K
}
Event: 6.608 GC heap before
{Heap before GC invocations=8 (full 0):
 garbage-first heap   total 129024K, used 74984K [0x0000000083a00000, 0x0000000100000000)
  region size 1024K, 53 young (54272K), 6 survivors (6144K)
 Metaspace       used 48510K, capacity 49134K, committed 49328K, reserved 1093632K
  class space    used 5770K, capacity 6020K, committed 6144K, reserved 1048576K
}
Event: 6.635 GC heap after
{Heap after GC invocations=9 (full 0):
 garbage-first heap   total 155648K, used 32768K [0x0000000083a00000, 0x0000000100000000)
  region size 1024K, 7 young (7168K), 7 survivors (7168K)
 Metaspace       used 48510K, capacity 49134K, committed 49328K, reserved 1093632K
  class space    used 5770K, capacity 6020K, committed 6144K, reserved 1048576K
}
Event: 8.366 GC heap before
{Heap before GC invocations=9 (full 0):
 garbage-first heap   total 155648K, used 91136K [0x0000000083a00000, 0x0000000100000000)
  region size 1024K, 64 young (65536K), 7 survivors (7168K)
 Metaspace       used 52425K, capacity 53034K, committed 53168K, reserved 1095680K
  class space    used 6055K, capacity 6295K, committed 6400K, reserved 1048576K
}
Event: 8.402 GC heap after
{Heap after GC invocations=10 (full 0):
 garbage-first heap   total 155648K, used 40750K [0x0000000083a00000, 0x0000000100000000)
  region size 1024K, 8 young (8192K), 8 survivors (8192K)
 Metaspace       used 52425K, capacity 53034K, committed 53168K, reserved 1095680K
  class space    used 6055K, capacity 6295K, committed 6400K, reserved 1048576K
}

Deoptimization events (20 events):
Event: 9.111 Thread 0x0000028a46aad000 Uncommon trap: trap_request=0xffffffbe fr.pc=0x0000028a523310c8 relative=0x0000000000002a48
Event: 9.111 Thread 0x0000028a46aad000 Uncommon trap: reason=profile_predicate action=maybe_recompile pc=0x0000028a523310c8 method=org.jetbrains.kotlin.serialization.deserialization.descriptors.DeserializedPackageMemberScope.hasClass(Lorg/jetbrains/kotlin/name/Name;)Z @ 65 c2
Event: 9.111 Thread 0x0000028a46aad000 DEOPT PACKING pc=0x0000028a523310c8 sp=0x000000cbd9afb0d0
Event: 9.111 Thread 0x0000028a46aad000 DEOPT UNPACKING pc=0x0000028a4a5b83af sp=0x000000cbd9afafb0 mode 2
Event: 9.111 Thread 0x0000028a46aad000 Uncommon trap: trap_request=0xffffffbe fr.pc=0x0000028a523310c8 relative=0x0000000000002a48
Event: 9.111 Thread 0x0000028a46aad000 Uncommon trap: reason=profile_predicate action=maybe_recompile pc=0x0000028a523310c8 method=org.jetbrains.kotlin.serialization.deserialization.descriptors.DeserializedPackageMemberScope.hasClass(Lorg/jetbrains/kotlin/name/Name;)Z @ 65 c2
Event: 9.111 Thread 0x0000028a46aad000 DEOPT PACKING pc=0x0000028a523310c8 sp=0x000000cbd9afb0d0
Event: 9.111 Thread 0x0000028a46aad000 DEOPT UNPACKING pc=0x0000028a4a5b83af sp=0x000000cbd9afafb0 mode 2
Event: 9.111 Thread 0x0000028a46aad000 Uncommon trap: trap_request=0xffffffbe fr.pc=0x0000028a523310c8 relative=0x0000000000002a48
Event: 9.111 Thread 0x0000028a46aad000 Uncommon trap: reason=profile_predicate action=maybe_recompile pc=0x0000028a523310c8 method=org.jetbrains.kotlin.serialization.deserialization.descriptors.DeserializedPackageMemberScope.hasClass(Lorg/jetbrains/kotlin/name/Name;)Z @ 65 c2
Event: 9.111 Thread 0x0000028a46aad000 DEOPT PACKING pc=0x0000028a523310c8 sp=0x000000cbd9afb0d0
Event: 9.111 Thread 0x0000028a46aad000 DEOPT UNPACKING pc=0x0000028a4a5b83af sp=0x000000cbd9afafb0 mode 2
Event: 9.111 Thread 0x0000028a46aad000 Uncommon trap: trap_request=0xffffffbe fr.pc=0x0000028a52335b94 relative=0x00000000000014f4
Event: 9.111 Thread 0x0000028a46aad000 Uncommon trap: reason=profile_predicate action=maybe_recompile pc=0x0000028a52335b94 method=org.jetbrains.kotlin.serialization.deserialization.descriptors.DeserializedPackageMemberScope.hasClass(Lorg/jetbrains/kotlin/name/Name;)Z @ 65 c2
Event: 9.111 Thread 0x0000028a46aad000 DEOPT PACKING pc=0x0000028a52335b94 sp=0x000000cbd9afaf40
Event: 9.112 Thread 0x0000028a46aad000 DEOPT UNPACKING pc=0x0000028a4a5b83af sp=0x000000cbd9afaed0 mode 2
Event: 9.119 Thread 0x0000028a46aad000 Uncommon trap: trap_request=0xffffff4d fr.pc=0x0000028a521b783c relative=0x000000000000011c
Event: 9.119 Thread 0x0000028a46aad000 Uncommon trap: reason=unstable_if action=reinterpret pc=0x0000028a521b783c method=org.jetbrains.kotlin.com.intellij.psi.tree.TokenSet.contains(Lorg/jetbrains/kotlin/com/intellij/psi/tree/IElementType;)Z @ 1 c2
Event: 9.119 Thread 0x0000028a46aad000 DEOPT PACKING pc=0x0000028a521b783c sp=0x000000cbd9afc0f0
Event: 9.119 Thread 0x0000028a46aad000 DEOPT UNPACKING pc=0x0000028a4a5b83af sp=0x000000cbd9afc0a8 mode 2

Classes redefined (0 events):
No events

Internal exceptions (20 events):
Event: 2.974 Thread 0x0000028a46aad000 Exception <a 'sun/nio/fs/WindowsException'{0x000000008a5780d8}> (0x000000008a5780d8) thrown at [./src/hotspot/share/prims/jni.cpp, line 615]
Event: 2.976 Thread 0x0000028a46aad000 Exception <a 'java/lang/NoSuchMethodError'{0x000000008a57e898}: 'void java.lang.invoke.DirectMethodHandle$Holder.invokeStatic(java.lang.Object, java.lang.Object, java.lang.Object, java.lang.Object)'> (0x000000008a57e898) thrown at [./src/hotspot/share/interpreter/linkResolver.cpp, line 773]
Event: 3.070 Thread 0x0000028a46aad000 Exception <a 'java/lang/NoSuchMethodError'{0x000000008a15b960}: 'void java.lang.invoke.DirectMethodHandle$Holder.invokeStaticInit(java.lang.Object, java.lang.Object)'> (0x000000008a15b960) thrown at [./src/hotspot/share/interpreter/linkResolver.cpp, line 773]
Event: 3.223 Thread 0x0000028a46aad000 Exception <a 'java/lang/NoSuchMethodError'{0x0000000089df19d8}: 'void java.lang.invoke.DirectMethodHandle$Holder.invokeVirtual(java.lang.Object, java.lang.Object)'> (0x0000000089df19d8) thrown at [./src/hotspot/share/interpreter/linkResolver.cpp, line 773]
Event: 3.235 Thread 0x0000028a46aad000 Exception <a 'java/lang/NoSuchMethodError'{0x0000000089c66c70}: 'int java.lang.invoke.DirectMethodHandle$Holder.invokeVirtual(java.lang.Object, java.lang.Object)'> (0x0000000089c66c70) thrown at [./src/hotspot/share/interpreter/linkResolver.cpp, line 773]
Event: 4.354 Thread 0x0000028a46aad000 Exception <a 'java/lang/NoSuchMethodError'{0x000000008b621c38}: 'java.lang.Object java.lang.invoke.DirectMethodHandle$Holder.invokeVirtual(java.lang.Object, java.lang.Object, java.lang.Object)'> (0x000000008b621c38) thrown at [./src/hotspot/share/interpreter/linkResolver.cpp, line 773]
Event: 5.317 Thread 0x0000028a46aad000 Exception <a 'java/lang/NoSuchMethodError'{0x0000000088c19ff8}: 'java.lang.Object java.lang.invoke.Invokers$Holder.linkToTargetMethod(java.lang.Object, int, java.lang.Object)'> (0x0000000088c19ff8) thrown at [./src/hotspot/share/interpreter/linkResolver.cpp, line 773]
Event: 5.849 Thread 0x0000028a46aad000 Exception <a 'java/lang/NoSuchMethodError'{0x000000008aff2488}: 'java.lang.Object java.lang.invoke.DirectMethodHandle$Holder.invokeStatic(java.lang.Object, java.lang.Object, java.lang.Object, int)'> (0x000000008aff2488) thrown at [./src/hotspot/share/interpreter/linkResolver.cpp, line 773]
Event: 5.850 Thread 0x0000028a46aad000 Exception <a 'java/lang/NoSuchMethodError'{0x000000008aff60f8}: 'java.lang.Object java.lang.invoke.DirectMethodHandle$Holder.invokeSpecial(java.lang.Object, java.lang.Object, java.lang.Object, java.lang.Object, int)'> (0x000000008aff60f8) thrown at [./src/hotspot/share/interpreter/linkResolver.cpp, line 773]
Event: 5.850 Thread 0x0000028a46aad000 Exception <a 'java/lang/NoSuchMethodError'{0x000000008aff9408}: 'java.lang.Object java.lang.invoke.Invokers$Holder.linkToTargetMethod(java.lang.Object, java.lang.Object, int, java.lang.Object)'> (0x000000008aff9408) thrown at [./src/hotspot/share/interpreter/linkResolver.cpp, line 773]
Event: 7.098 Thread 0x0000028a46aad000 Exception <a 'java/lang/NoSuchMethodError'{0x000000008beec610}: 'java.lang.Object java.lang.invoke.DirectMethodHandle$Holder.invokeStaticInit(java.lang.Object, java.lang.Object, java.lang.Object)'> (0x000000008beec610) thrown at [./src/hotspot/share/interpreter/linkResolver.cpp, line 773]
Event: 8.529 Thread 0x0000028a46aad000 Exception <a 'java/lang/NoSuchMethodError'{0x000000008cd12420}: 'java.lang.Object java.lang.invoke.Invokers$Holder.linkToTargetMethod(java.lang.Object, java.lang.Object, java.lang.Object, java.lang.Object, java.lang.Object, java.lang.Object)'> (0x000000008cd12420) thrown at [./src/hotspot/share/interpreter/linkResolver.cpp, line 773]
Event: 8.543 Thread 0x0000028a46aad000 Implicit null exception at 0x0000028a52276fb1 to 0x0000028a5227735c
Event: 8.792 Thread 0x0000028a46aad000 Exception <a 'java/lang/NoSuchMethodError'{0x000000008bf2ef10}: 'int java.lang.invoke.DirectMethodHandle$Holder.invokeInterface(java.lang.Object, java.lang.Object)'> (0x000000008bf2ef10) thrown at [./src/hotspot/share/interpreter/linkResolver.cpp, line 773]
Event: 8.817 Thread 0x0000028a46aad000 Exception <a 'java/lang/NoSuchMethodError'{0x000000008be41c68}: 'java.lang.Object java.lang.invoke.Invokers$Holder.linkToTargetMethod(java.lang.Object, java.lang.Object, java.lang.Object, java.lang.Object, java.lang.Object, java.lang.Object, java.lang.Object)'> (0x000000008be41c68) thrown at [./src/hotspot/share/interpreter/linkResolver.cpp, line 773]
Event: 8.821 Thread 0x0000028a46aad000 Implicit null exception at 0x0000028a52118275 to 0x0000028a52118434
Event: 8.824 Thread 0x0000028a46aad000 Implicit null exception at 0x0000028a5217522f to 0x0000028a5217529d
Event: 8.899 Thread 0x0000028a46aad000 Exception <a 'java/lang/NoSuchMethodError'{0x000000008bc0c4c8}: 'java.lang.Object java.lang.invoke.Invokers$Holder.linkToTargetMethod(java.lang.Object, java.lang.Object, java.lang.Object, int, int, java.lang.Object)'> (0x000000008bc0c4c8) thrown at [./src/hotspot/share/interpreter/linkResolver.cpp, line 773]
Event: 9.118 Thread 0x0000028a46aad000 Implicit null exception at 0x0000028a521b774c to 0x0000028a521b7828
Event: 9.143 Thread 0x0000028a46aad000 Exception <a 'java/lang/NoSuchMethodError'{0x000000008b891398}: 'int java.lang.invoke.DirectMethodHandle$Holder.invokeStaticInit(java.lang.Object, int)'> (0x000000008b891398) thrown at [./src/hotspot/share/interpreter/linkResolver.cpp, line 773]

Events (20 events):
Event: 9.149 loading class org/jetbrains/kotlin/resolve/constants/PrimitiveTypeUtilKt
Event: 9.149 loading class org/jetbrains/kotlin/resolve/constants/PrimitiveTypeUtilKt done
Event: 9.151 loading class org/jetbrains/kotlin/resolve/constants/IntegerLiteralTypeConstructor$valueToString$1
Event: 9.151 loading class org/jetbrains/kotlin/resolve/constants/IntegerLiteralTypeConstructor$valueToString$1 done
Event: 9.152 loading class org/jetbrains/kotlin/resolve/constants/UnsignedErrorValueTypeConstant
Event: 9.152 loading class org/jetbrains/kotlin/resolve/constants/UnsignedErrorValueTypeConstant done
Event: 9.153 loading class org/jetbrains/kotlin/resolve/constants/BooleanValue
Event: 9.153 loading class org/jetbrains/kotlin/resolve/constants/BooleanValue done
Event: 9.154 loading class org/jetbrains/kotlin/resolve/constants/CompileTimeConstantChecker
Event: 9.154 loading class org/jetbrains/kotlin/resolve/constants/CompileTimeConstantChecker done
Event: 9.161 loading class org/jetbrains/kotlin/psi/Call
Event: 9.161 loading class org/jetbrains/kotlin/psi/Call done
Event: 9.161 loading class org/jetbrains/kotlin/descriptors/FunctionDescriptor
Event: 9.161 loading class org/jetbrains/kotlin/descriptors/FunctionDescriptor done
Event: 9.161 loading class org/jetbrains/kotlin/psi/Call
Event: 9.161 loading class org/jetbrains/kotlin/psi/Call done
Event: 9.162 loading class org/jetbrains/kotlin/types/expressions/DoubleColonExpressionResolver$resolveDoubleColonLHS$resultForExpr$1
Event: 9.162 loading class org/jetbrains/kotlin/types/expressions/DoubleColonExpressionResolver$resolveDoubleColonLHS$resultForExpr$1 done
Event: 9.162 loading class org/jetbrains/kotlin/types/expressions/DoubleColonExpressionResolver$resolveDoubleColonLHS$resultForExpr$2
Event: 9.162 loading class org/jetbrains/kotlin/types/expressions/DoubleColonExpressionResolver$resolveDoubleColonLHS$resultForExpr$2 done


Dynamic libraries:
0x00007ff6fdfa0000 - 0x00007ff6fdfaa000 	C:\Program Files\Android\Android Studio\jre\bin\java.exe
0x00007ffec5e70000 - 0x00007ffec6068000 	C:\WINDOWS\SYSTEM32\ntdll.dll
0x00007ffec49d0000 - 0x00007ffec4a8d000 	C:\WINDOWS\System32\KERNEL32.DLL
0x00007ffec38e0000 - 0x00007ffec3bae000 	C:\WINDOWS\System32\KERNELBASE.dll
0x00007ffec36b0000 - 0x00007ffec37b0000 	C:\WINDOWS\System32\ucrtbase.dll
0x00007ffeb9590000 - 0x00007ffeb95a9000 	C:\Program Files\Android\Android Studio\jre\bin\jli.dll
0x00007ffeb9e80000 - 0x00007ffeb9e97000 	C:\Program Files\Android\Android Studio\jre\bin\VCRUNTIME140.dll
0x00007ffec51d0000 - 0x00007ffec5370000 	C:\WINDOWS\System32\USER32.dll
0x00007ffec3590000 - 0x00007ffec35b2000 	C:\WINDOWS\System32\win32u.dll
0x00007ffeb4450000 - 0x00007ffeb46ea000 	C:\WINDOWS\WinSxS\amd64_microsoft.windows.common-controls_6595b64144ccf1df_6.0.19041.1110_none_60b5254171f9507e\COMCTL32.dll
0x00007ffec5410000 - 0x00007ffec543a000 	C:\WINDOWS\System32\GDI32.dll
0x00007ffec47c0000 - 0x00007ffec485e000 	C:\WINDOWS\System32\msvcrt.dll
0x00007ffec3bb0000 - 0x00007ffec3cbb000 	C:\WINDOWS\System32\gdi32full.dll
0x00007ffec35c0000 - 0x00007ffec365d000 	C:\WINDOWS\System32\msvcp_win.dll
0x00007ffec49a0000 - 0x00007ffec49d0000 	C:\WINDOWS\System32\IMM32.DLL
0x00007ffea1c40000 - 0x00007ffea1cdd000 	C:\Program Files\Android\Android Studio\jre\bin\msvcp140.dll
0x00007ffe5c0e0000 - 0x00007ffe5cbb5000 	C:\Program Files\Android\Android Studio\jre\bin\server\jvm.dll
0x00007ffec5c50000 - 0x00007ffec5cfe000 	C:\WINDOWS\System32\ADVAPI32.dll
0x00007ffec5370000 - 0x00007ffec540c000 	C:\WINDOWS\System32\sechost.dll
0x00007ffec4870000 - 0x00007ffec4995000 	C:\WINDOWS\System32\RPCRT4.dll
0x00007ffec5e20000 - 0x00007ffec5e28000 	C:\WINDOWS\System32\PSAPI.DLL
0x00007ffec0a90000 - 0x00007ffec0a99000 	C:\WINDOWS\SYSTEM32\WSOCK32.dll
0x00007ffebca90000 - 0x00007ffebca9a000 	C:\WINDOWS\SYSTEM32\VERSION.dll
0x00007ffec0aa0000 - 0x00007ffec0ac7000 	C:\WINDOWS\SYSTEM32\WINMM.dll
0x00007ffec4b20000 - 0x00007ffec4b8b000 	C:\WINDOWS\System32\WS2_32.dll
0x00007ffec1e20000 - 0x00007ffec1e32000 	C:\WINDOWS\SYSTEM32\kernel.appcore.dll
0x00007ffebc010000 - 0x00007ffebc021000 	C:\Program Files\Android\Android Studio\jre\bin\verify.dll
0x00007ffec1380000 - 0x00007ffec1564000 	C:\WINDOWS\SYSTEM32\DBGHELP.DLL
0x00007ffeab950000 - 0x00007ffeab97c000 	C:\WINDOWS\SYSTEM32\dbgcore.DLL
0x00007ffec37b0000 - 0x00007ffec3832000 	C:\WINDOWS\System32\bcryptPrimitives.dll
0x00007ffeb8170000 - 0x00007ffeb8199000 	C:\Program Files\Android\Android Studio\jre\bin\java.dll
0x00007ffebe770000 - 0x00007ffebe77b000 	C:\Program Files\Android\Android Studio\jre\bin\jimage.dll
0x00007ffeb9ea0000 - 0x00007ffeb9eb8000 	C:\Program Files\Android\Android Studio\jre\bin\zip.dll
0x00007ffec5440000 - 0x00007ffec5b84000 	C:\WINDOWS\System32\SHELL32.dll
0x00007ffec1670000 - 0x00007ffec1e04000 	C:\WINDOWS\SYSTEM32\windows.storage.dll
0x00007ffec4460000 - 0x00007ffec47b4000 	C:\WINDOWS\System32\combase.dll
0x00007ffec2ff0000 - 0x00007ffec3020000 	C:\WINDOWS\SYSTEM32\Wldp.dll
0x00007ffec43a0000 - 0x00007ffec444d000 	C:\WINDOWS\System32\SHCORE.dll
0x00007ffec4340000 - 0x00007ffec4395000 	C:\WINDOWS\System32\shlwapi.dll
0x00007ffec34d0000 - 0x00007ffec34ef000 	C:\WINDOWS\SYSTEM32\profapi.dll
0x00007ffeb9e10000 - 0x00007ffeb9e2a000 	C:\Program Files\Android\Android Studio\jre\bin\net.dll
0x00007ffeb9bc0000 - 0x00007ffeb9cca000 	C:\WINDOWS\SYSTEM32\WINHTTP.dll
0x00007ffec2ce0000 - 0x00007ffec2d4a000 	C:\WINDOWS\system32\mswsock.dll
0x00007ffeb9510000 - 0x00007ffeb9524000 	C:\Program Files\Android\Android Studio\jre\bin\nio.dll

dbghelp: loaded successfully - version: 4.0.5 - missing functions: none
symbol engine: initialized successfully - sym options: 0x614 - pdb path: .;C:\Program Files\Android\Android Studio\jre\bin;C:\WINDOWS\SYSTEM32;C:\WINDOWS\WinSxS\amd64_microsoft.windows.common-controls_6595b64144ccf1df_6.0.19041.1110_none_60b5254171f9507e;C:\Program Files\Android\Android Studio\jre\bin\server

VM Arguments:
java_command: org.jetbrains.kotlin.cli.jvm.K2JVMCompiler @C:\Users\user\AndroidStudioProjects\TodoApplication\app\build\20220911_1152527149780056669.compiler.options
java_class_path (initial): C:\Users\user\.gradle\caches\modules-2\files-2.1\org.jetbrains.kotlin\kotlin-compiler-embeddable\1.6.21\97bdd5a752ce73b58ef16c17bc7f0ea2faff7a2e\kotlin-compiler-embeddable-1.6.21.jar;C:\Users\user\.gradle\caches\modules-2\files-2.1\org.jetbrains.kotlin\kotlin-reflect\1.6.21\5dc3574d9b7bebfcb4ec6b10ada4aaa9e140bd0b\kotlin-reflect-1.6.21.jar;C:\Users\user\.gradle\caches\modules-2\files-2.1\org.jetbrains.kotlin\kotlin-stdlib\1.6.21\11ef67f1900634fd951bad28c53ec957fabbe5b8\kotlin-stdlib-1.6.21.jar;C:\Users\user\.gradle\caches\modules-2\files-2.1\org.jetbrains.kotlin\kotlin-script-runtime\1.6.21\99c6675100da5d6d5b1c5a1032f27f28008d101b\kotlin-script-runtime-1.6.21.jar;C:\Users\user\.gradle\caches\modules-2\files-2.1\org.jetbrains.kotlin\kotlin-daemon-embeddable\1.6.21\46b78cf392e1c4f10854c3cadba44abb7b82250f\kotlin-daemon-embeddable-1.6.21.jar;C:\Users\user\.gradle\caches\modules-2\files-2.1\org.jetbrains.intellij.deps\trove4j\1.0.20200330\3afb14d5f9ceb459d724e907a21145e8ff394f02\trove4j-1.0.20200330.jar;C:\Users\user\.gradle\caches\modules-2\files-2.1\net.java.dev.jna\jna\5.6.0\330f2244e9030119ab3030fc3fededc86713d9cc\jna-5.6.0.jar;C:\Users\user\.gradle\caches\modules-2\files-2.1\org.jetbrains.kotlin\kotlin-stdlib-common\1.6.21\5e5b55c26dbc80372a920aef60eb774b714559b8\kotlin-stdlib-common-1.6.21.jar;C:\Users\user\.gradle\caches\modules-2\files-2.1\org.jetbrains\annotations\13.0\919f0dfe192fb4e063e7dacadee7f8bb9a2672a9\annotations-13.0.jar
Launcher Type: SUN_STANDARD

[Global flags]
     intx CICompilerCount                          = 4                                         {product} {ergonomic}
     uint ConcGCThreads                            = 2                                         {product} {ergonomic}
     uint G1ConcRefinementThreads                  = 8                                         {product} {ergonomic}
   size_t G1HeapRegionSize                         = 1048576                                   {product} {ergonomic}
    uintx GCDrainStackTargetSize                   = 64                                        {product} {ergonomic}
   size_t InitialHeapSize                          = 132120576                                 {product} {ergonomic}
   size_t MarkStackSize                            = 4194304                                   {product} {ergonomic}
   size_t MaxHeapSize                              = 2086666240                                {product} {ergonomic}
   size_t MaxNewSize                               = 1251999744                                {product} {ergonomic}
   size_t MinHeapDeltaBytes                        = 1048576                                   {product} {ergonomic}
    uintx NonNMethodCodeHeapSize                   = 5836300                                {pd product} {ergonomic}
    uintx NonProfiledCodeHeapSize                  = 122910970                              {pd product} {ergonomic}
    uintx ProfiledCodeHeapSize                     = 122910970                              {pd product} {ergonomic}
    uintx ReservedCodeCacheSize                    = 251658240                              {pd product} {ergonomic}
     bool SegmentedCodeCache                       = true                                      {product} {ergonomic}
     bool UseCompressedClassPointers               = true                                 {lp64_product} {ergonomic}
     bool UseCompressedOops                        = true                                 {lp64_product} {ergonomic}
     bool UseG1GC                                  = true                                      {product} {ergonomic}
     bool UseLargePagesIndividualAllocation        = false                                  {pd product} {ergonomic}

Logging:
Log output configuration:
 #0: stdout all=warning uptime,level,tags
 #1: stderr all=off uptime,level,tags

Environment Variables:
JAVA_HOME=C:\Program Files\Java\jdk1.8.0_181
PATH=C:\Users\user\OneDrive\Desktop\WINDOWS.X64_193000_db_home\bin;C:\Program Files (x86)\Common Files\Oracle\Java\javapath;C:\WINDOWS\system32;C:\WINDOWS;C:\WINDOWS\System32\Wbem;C:\WINDOWS\System32\WindowsPowerShell\v1.0\;C:\WINDOWS\System32\OpenSSH\;E:\Git\cmd;C:\Users\user\AppData\Local\Microsoft\WindowsApps;E:\Microsoft VS Code\bin;C:\Program Files\Java\jdk1.8.0_181\bin;C:\xampp\tomcat\lib\servlet-api.jar;
USERNAME=user
OS=Windows_NT
PROCESSOR_IDENTIFIER=Intel64 Family 6 Model 126 Stepping 5, GenuineIntel



---------------  S Y S T E M  ---------------

OS: Windows 10 , 64 bit Build 19041 (10.0.19041.1889)
OS uptime: 2 days 18:32 hours

CPU:total 8 (initial active 8) (4 cores per cpu, 2 threads per core) family 6 model 126 stepping 5 microcode 0xb0, cmov, cx8, fxsr, mmx, sse, sse2, sse3, ssse3, sse4.1, sse4.2, popcnt, avx, avx2, aes, clmul, erms, 3dnowpref, lzcnt, ht, tsc, tscinvbit, bmi1, bmi2, adx, evex, sha, fma

Memory: 4k page, system-wide physical 7959M (581M free)
TotalPageFile size 32535M (AvailPageFile size 10M)
current process WorkingSet (physical memory assigned to process): 301M, peak: 307M
current process commit charge ("private bytes"): 372M, peak: 378M

vm_info: OpenJDK 64-Bit Server VM (11.0.11+9-b60-7590822) for windows-amd64 JRE (11.0.11+9-b60-7590822), built on Jul 29 2021 21:43:44 by "builder" with MS VC++ 14.0 (VS2015)

END.
