#
# There is insufficient memory for the Java Runtime Environment to continue.
# Native memory allocation (mmap) failed to map 27262976 bytes for Failed to commit area from 0x000000008b800000 to 0x000000008d200000 of length 27262976.
# Possible reasons:
#   The system is out of physical RAM or swap space
#   The process is running with CompressedOops enabled, and the Java Heap may be blocking the growth of the native heap
# Possible solutions:
#   Reduce memory load on the system
#   Increase physical memory or swap space
#   Check if swap backing store is full
#   Decrease Java heap size (-Xmx/-Xms)
#   Decrease number of Java threads
#   Decrease Java thread stack sizes (-Xss)
#   Set larger code cache with -XX:ReservedCodeCacheSize=
#   JVM is running with Unscaled Compressed Oops mode in which the Java heap is
#     placed in the first 4GB address space. The Java Heap base address is the
#     maximum limit for the native heap growth. Please use -XX:HeapBaseMinAddress
#     to set the Java Heap base and to place the Java Heap above 4GB virtual address.
# This output file may be truncated or incomplete.
#
#  Out of Memory Error (./src/hotspot/os/windows/os_windows.cpp:3301), pid=14092, tid=2596
#
# JRE version: OpenJDK Runtime Environment (11.0.11+9) (build 11.0.11+9-b60-7590822)
# Java VM: OpenJDK 64-Bit Server VM (11.0.11+9-b60-7590822, mixed mode, tiered, compressed oops, g1 gc, windows-amd64)
# No core dump will be written. Minidumps are not enabled by default on client versions of Windows
#

---------------  S U M M A R Y ------------

Command Line: org.jetbrains.kotlin.cli.jvm.K2JVMCompiler @C:\Users\user\AndroidStudioProjects\TodoApplication\app\build\20220911_13310420038745877148.compiler.options

Host: Intel(R) Core(TM) i5-1035G1 CPU @ 1.00GHz, 8 cores, 7G,  Windows 10 , 64 bit Build 19041 (10.0.19041.1889)
Time: Sun Sep 11 14:38:56 2022 Nepal Standard Time elapsed time: 4.515507 seconds (0d 0h 0m 4s)

---------------  T H R E A D  ---------------

Current thread (0x000002bf28a94800):  VMThread "VM Thread" [stack: 0x000000dfe5900000,0x000000dfe5a00000] [id=2596]

Stack: [0x000000dfe5900000,0x000000dfe5a00000]
[error occurred during error reporting (printing stack bounds), id 0xc0000005, EXCEPTION_ACCESS_VIOLATION (0xc0000005) at pc=0x000002bf123110e7]

Native frames: (J=compiled Java code, j=interpreted, Vv=VM code, C=native code)
V  [jvm.dll+0x5f214a]
V  [jvm.dll+0x726fb5]
V  [jvm.dll+0x7285cd]
V  [jvm.dll+0x728be5]
V  [jvm.dll+0x728b9b]
V  [jvm.dll+0x5f14e8]
V  [jvm.dll+0x5f1c78]
C  [ntdll.dll+0xa229f]
C  [ntdll.dll+0x51454]
C  [ntdll.dll+0xa0dce]
C  0x000002bf123110e7

VM_Operation (0x000000dfe53f9100): CollectForMetadataAllocation, mode: safepoint, requested by thread 0x000002bf0e80f800


---------------  P R O C E S S  ---------------

Threads class SMR info:
_java_thread_list=0x000002bf29569c40, length=10, elements={
0x000002bf0e80f800, 0x000002bf28a9a000, 0x000002bf28a9b800, 0x000002bf29417800,
0x000002bf29419000, 0x000002bf2941b000, 0x000002bf2941d000, 0x000002bf2941e800,
0x000002bf29421800, 0x000002bf29586800
}

Java Threads: ( => current thread )
  0x000002bf0e80f800 JavaThread "main" [_thread_blocked, id=10616, stack(0x000000dfe5300000,0x000000dfe5400000)]
  0x000002bf28a9a000 JavaThread "Reference Handler" daemon [_thread_blocked, id=14192, stack(0x000000dfe5a00000,0x000000dfe5b00000)]
  0x000002bf28a9b800 JavaThread "Finalizer" daemon [_thread_blocked, id=14164, stack(0x000000dfe5b00000,0x000000dfe5c00000)]
  0x000002bf29417800 JavaThread "Signal Dispatcher" daemon [_thread_blocked, id=13804, stack(0x000000dfe5c00000,0x000000dfe5d00000)]
  0x000002bf29419000 JavaThread "Attach Listener" daemon [_thread_blocked, id=13544, stack(0x000000dfe5d00000,0x000000dfe5e00000)]
  0x000002bf2941b000 JavaThread "Service Thread" daemon [_thread_blocked, id=12732, stack(0x000000dfe5e00000,0x000000dfe5f00000)]
  0x000002bf2941d000 JavaThread "C2 CompilerThread0" daemon [_thread_blocked, id=12960, stack(0x000000dfe5f00000,0x000000dfe6000000)]
  0x000002bf2941e800 JavaThread "C1 CompilerThread0" daemon [_thread_blocked, id=12088, stack(0x000000dfe6000000,0x000000dfe6100000)]
  0x000002bf29421800 JavaThread "Sweeper thread" daemon [_thread_blocked, id=4060, stack(0x000000dfe6100000,0x000000dfe6200000)]
  0x000002bf29586800 JavaThread "Common-Cleaner" daemon [_thread_blocked, id=14304, stack(0x000000dfe6300000,0x000000dfe6400000)]

Other Threads:
=>0x000002bf28a94800 VMThread "VM Thread" [stack: 0x000000dfe5900000,0x000000dfe5a00000] [id=2596]
  0x000002bf2956a800 WatcherThread [stack: 0x000000dfe6200000,0x000000dfe6300000] [id=6728]
  0x000002bf0e822000 GCTaskThread "GC Thread#0" [stack: 0x000000dfe5400000,0x000000dfe5500000] [id=2800]
  0x000002bf2979f000 GCTaskThread "GC Thread#1" [stack: 0x000000dfe6400000,0x000000dfe6500000] [id=13916]
  0x000002bf29b85800 GCTaskThread "GC Thread#2" [stack: 0x000000dfe6500000,0x000000dfe6600000] [id=6084]
  0x000002bf0e851000 ConcurrentGCThread "G1 Main Marker" [stack: 0x000000dfe5500000,0x000000dfe5600000] [id=5384]
  0x000002bf0e852800 ConcurrentGCThread "G1 Conc#0" [stack: 0x000000dfe5600000,0x000000dfe5700000] [id=5032]
  0x000002bf29f4d800 ConcurrentGCThread "G1 Conc#1" [stack: 0x000000dfe6600000,0x000000dfe6700000] [id=10980]
  0x000002bf288e0800 ConcurrentGCThread "G1 Refine#0" [stack: 0x000000dfe5700000,0x000000dfe5800000] [id=11704]
  0x000002bf2a7db000 ConcurrentGCThread "G1 Refine#1" [stack: 0x000000dfe6700000,0x000000dfe6800000] [id=4592]
  0x000002bf2a934800 ConcurrentGCThread "G1 Refine#2" [stack: 0x000000dfe6800000,0x000000dfe6900000] [id=5252]
  0x000002bf288e1000 ConcurrentGCThread "G1 Young RemSet Sampling" [stack: 0x000000dfe5800000,0x000000dfe5900000] [id=12284]

Threads with active compile tasks:
C2 CompilerThread0   4548 2353   !   4       java.util.zip.InflaterInputStream::read (138 bytes)

VM state:at safepoint (normal execution)

VM Mutex/Monitor currently owned by a thread:  ([mutex/lock_event])
[0x000002bf0e80b940] Threads_lock - owner thread: 0x000002bf28a94800
[0x000002bf0e80b1f0] Heap_lock - owner thread: 0x000002bf0e80f800

Heap address: 0x0000000083a00000, size: 1990 MB, Compressed Oops mode: 32-bit
Narrow klass base: 0x0000000000000000, Narrow klass shift: 3
Compressed class space size: 1073741824 Address: 0x0000000100000000

Heap:
 garbage-first heap   total 155648K, used 21470K [0x0000000083a00000, 0x0000000100000000)
  region size 1024K, 1 young (1024K), 1 survivors (1024K)
 Metaspace       used 35286K, capacity 35779K, committed 35888K, reserved 1081344K
  class space    used 4440K, capacity 4646K, committed 4736K, reserved 1048576K
Heap Regions: E=young(eden), S=young(survivor), O=old, HS=humongous(starts), HC=humongous(continues), CS=collection set, F=free, A=archive, TAMS=top-at-mark-start (previous, next)
|   0|0x0000000083a00000, 0x0000000083b00000, 0x0000000083b00000|100%|HS|  |TAMS 0x0000000083b00000, 0x0000000083b00000| Complete 
|   1|0x0000000083b00000, 0x0000000083c00000, 0x0000000083c00000|100%|HC|  |TAMS 0x0000000083c00000, 0x0000000083c00000| Complete 
|   2|0x0000000083c00000, 0x0000000083d00000, 0x0000000083d00000|100%|HC|  |TAMS 0x0000000083d00000, 0x0000000083d00000| Complete 
|   3|0x0000000083d00000, 0x0000000083e00000, 0x0000000083e00000|100%|HS|  |TAMS 0x0000000083d00000, 0x0000000083e00000| Complete 
|   4|0x0000000083e00000, 0x0000000083f00000, 0x0000000083f00000|100%|HC|  |TAMS 0x0000000083e00000, 0x0000000083f00000| Complete 
|   5|0x0000000083f00000, 0x0000000084000000, 0x0000000084000000|100%|HC|  |TAMS 0x0000000083f00000, 0x0000000084000000| Complete 
|   6|0x0000000084000000, 0x0000000084100000, 0x0000000084100000|100%|HS|  |TAMS 0x0000000084000000, 0x0000000084100000| Complete 
|   7|0x0000000084100000, 0x0000000084200000, 0x0000000084200000|100%|HC|  |TAMS 0x0000000084100000, 0x0000000084200000| Complete 
|   8|0x0000000084200000, 0x0000000084300000, 0x0000000084300000|100%| O|  |TAMS 0x0000000084200000, 0x0000000084300000| Untracked 
|   9|0x0000000084300000, 0x0000000084400000, 0x0000000084400000|100%| O|  |TAMS 0x0000000084300000, 0x0000000084400000| Untracked 
|  10|0x0000000084400000, 0x0000000084500000, 0x0000000084500000|100%| O|  |TAMS 0x0000000084400000, 0x0000000084500000| Untracked 
|  11|0x0000000084500000, 0x0000000084600000, 0x0000000084600000|100%| O|  |TAMS 0x0000000084500000, 0x0000000084600000| Untracked 
|  12|0x0000000084600000, 0x0000000084700000, 0x0000000084700000|100%| O|  |TAMS 0x0000000084600000, 0x0000000084700000| Untracked 
|  13|0x0000000084700000, 0x0000000084800000, 0x0000000084800000|100%| O|  |TAMS 0x0000000084700000, 0x0000000084800000| Untracked 
|  14|0x0000000084800000, 0x0000000084900000, 0x0000000084900000|100%| O|  |TAMS 0x0000000084800000, 0x0000000084900000| Untracked 
|  15|0x0000000084900000, 0x0000000084a00000, 0x0000000084a00000|100%| O|  |TAMS 0x0000000084900000, 0x0000000084a00000| Untracked 
|  16|0x0000000084a00000, 0x0000000084b00000, 0x0000000084b00000|100%| O|  |TAMS 0x0000000084a00000, 0x0000000084b00000| Untracked 
|  17|0x0000000084b00000, 0x0000000084c00000, 0x0000000084c00000|100%| O|  |TAMS 0x0000000084b00000, 0x0000000084c00000| Untracked 
|  18|0x0000000084c00000, 0x0000000084d00000, 0x0000000084d00000|100%| O|  |TAMS 0x0000000084c00000, 0x0000000084d00000| Untracked 
|  19|0x0000000084d00000, 0x0000000084df7a00, 0x0000000084e00000| 96%| O|  |TAMS 0x0000000084d00000, 0x0000000084df7a00| Untracked 
|  20|0x0000000084e00000, 0x0000000084e00000, 0x0000000084f00000|  0%| F|  |TAMS 0x0000000084e00000, 0x0000000084e00000| Untracked 
|  21|0x0000000084f00000, 0x0000000084f00000, 0x0000000085000000|  0%| F|  |TAMS 0x0000000084f00000, 0x0000000084f00000| Untracked 
|  22|0x0000000085000000, 0x0000000085000000, 0x0000000085100000|  0%| F|  |TAMS 0x0000000085000000, 0x0000000085000000| Untracked 
|  23|0x0000000085100000, 0x0000000085100000, 0x0000000085200000|  0%| F|  |TAMS 0x0000000085100000, 0x0000000085100000| Untracked 
|  24|0x0000000085200000, 0x0000000085200000, 0x0000000085300000|  0%| F|  |TAMS 0x0000000085200000, 0x0000000085200000| Untracked 
|  25|0x0000000085300000, 0x0000000085300000, 0x0000000085400000|  0%| F|  |TAMS 0x0000000085300000, 0x0000000085300000| Untracked 
|  26|0x0000000085400000, 0x0000000085400000, 0x0000000085500000|  0%| F|  |TAMS 0x0000000085400000, 0x0000000085400000| Untracked 
|  27|0x0000000085500000, 0x0000000085500000, 0x0000000085600000|  0%| F|  |TAMS 0x0000000085500000, 0x0000000085500000| Untracked 
|  28|0x0000000085600000, 0x0000000085600000, 0x0000000085700000|  0%| F|  |TAMS 0x0000000085600000, 0x0000000085600000| Untracked 
|  29|0x0000000085700000, 0x0000000085700000, 0x0000000085800000|  0%| F|  |TAMS 0x0000000085700000, 0x0000000085700000| Untracked 
|  30|0x0000000085800000, 0x0000000085800000, 0x0000000085900000|  0%| F|  |TAMS 0x0000000085800000, 0x0000000085800000| Untracked 
|  31|0x0000000085900000, 0x0000000085900000, 0x0000000085a00000|  0%| F|  |TAMS 0x0000000085900000, 0x0000000085900000| Untracked 
|  32|0x0000000085a00000, 0x0000000085a00000, 0x0000000085b00000|  0%| F|  |TAMS 0x0000000085a00000, 0x0000000085a00000| Untracked 
|  33|0x0000000085b00000, 0x0000000085b00000, 0x0000000085c00000|  0%| F|  |TAMS 0x0000000085b00000, 0x0000000085b00000| Untracked 
|  34|0x0000000085c00000, 0x0000000085c00000, 0x0000000085d00000|  0%| F|  |TAMS 0x0000000085c00000, 0x0000000085c00000| Untracked 
|  35|0x0000000085d00000, 0x0000000085d00000, 0x0000000085e00000|  0%| F|  |TAMS 0x0000000085d00000, 0x0000000085d00000| Untracked 
|  36|0x0000000085e00000, 0x0000000085e00000, 0x0000000085f00000|  0%| F|  |TAMS 0x0000000085e00000, 0x0000000085e00000| Untracked 
|  37|0x0000000085f00000, 0x0000000085f00000, 0x0000000086000000|  0%| F|  |TAMS 0x0000000085f00000, 0x0000000085f00000| Untracked 
|  38|0x0000000086000000, 0x0000000086000000, 0x0000000086100000|  0%| F|  |TAMS 0x0000000086000000, 0x0000000086000000| Untracked 
|  39|0x0000000086100000, 0x0000000086100000, 0x0000000086200000|  0%| F|  |TAMS 0x0000000086100000, 0x0000000086100000| Untracked 
|  40|0x0000000086200000, 0x0000000086200000, 0x0000000086300000|  0%| F|  |TAMS 0x0000000086200000, 0x0000000086200000| Untracked 
|  41|0x0000000086300000, 0x0000000086300000, 0x0000000086400000|  0%| F|  |TAMS 0x0000000086300000, 0x0000000086300000| Untracked 
|  42|0x0000000086400000, 0x0000000086400000, 0x0000000086500000|  0%| F|  |TAMS 0x0000000086400000, 0x0000000086400000| Untracked 
|  43|0x0000000086500000, 0x0000000086500000, 0x0000000086600000|  0%| F|  |TAMS 0x0000000086500000, 0x0000000086500000| Untracked 
|  44|0x0000000086600000, 0x0000000086600000, 0x0000000086700000|  0%| F|  |TAMS 0x0000000086600000, 0x0000000086600000| Untracked 
|  45|0x0000000086700000, 0x0000000086700000, 0x0000000086800000|  0%| F|  |TAMS 0x0000000086700000, 0x0000000086700000| Untracked 
|  46|0x0000000086800000, 0x0000000086800000, 0x0000000086900000|  0%| F|  |TAMS 0x0000000086800000, 0x0000000086800000| Untracked 
|  47|0x0000000086900000, 0x0000000086900000, 0x0000000086a00000|  0%| F|  |TAMS 0x0000000086900000, 0x0000000086900000| Untracked 
|  48|0x0000000086a00000, 0x0000000086a00000, 0x0000000086b00000|  0%| F|  |TAMS 0x0000000086a00000, 0x0000000086a00000| Untracked 
|  49|0x0000000086b00000, 0x0000000086b00000, 0x0000000086c00000|  0%| F|  |TAMS 0x0000000086b00000, 0x0000000086b00000| Untracked 
|  50|0x0000000086c00000, 0x0000000086c00000, 0x0000000086d00000|  0%| F|  |TAMS 0x0000000086c00000, 0x0000000086c00000| Untracked 
|  51|0x0000000086d00000, 0x0000000086d00000, 0x0000000086e00000|  0%| F|  |TAMS 0x0000000086d00000, 0x0000000086d00000| Untracked 
|  52|0x0000000086e00000, 0x0000000086e00000, 0x0000000086f00000|  0%| F|  |TAMS 0x0000000086e00000, 0x0000000086e00000| Untracked 
|  53|0x0000000086f00000, 0x0000000086f00000, 0x0000000087000000|  0%| F|  |TAMS 0x0000000086f00000, 0x0000000086f00000| Untracked 
|  54|0x0000000087000000, 0x0000000087000000, 0x0000000087100000|  0%| F|  |TAMS 0x0000000087000000, 0x0000000087000000| Untracked 
|  55|0x0000000087100000, 0x0000000087100000, 0x0000000087200000|  0%| F|  |TAMS 0x0000000087100000, 0x0000000087100000| Untracked 
|  56|0x0000000087200000, 0x0000000087200000, 0x0000000087300000|  0%| F|  |TAMS 0x0000000087200000, 0x0000000087200000| Untracked 
|  57|0x0000000087300000, 0x0000000087300000, 0x0000000087400000|  0%| F|  |TAMS 0x0000000087300000, 0x0000000087300000| Untracked 
|  58|0x0000000087400000, 0x0000000087400000, 0x0000000087500000|  0%| F|  |TAMS 0x0000000087400000, 0x0000000087400000| Untracked 
|  59|0x0000000087500000, 0x0000000087500000, 0x0000000087600000|  0%| F|  |TAMS 0x0000000087500000, 0x0000000087500000| Untracked 
|  60|0x0000000087600000, 0x0000000087600000, 0x0000000087700000|  0%| F|  |TAMS 0x0000000087600000, 0x0000000087600000| Untracked 
|  61|0x0000000087700000, 0x0000000087700000, 0x0000000087800000|  0%| F|  |TAMS 0x0000000087700000, 0x0000000087700000| Untracked 
|  62|0x0000000087800000, 0x0000000087800000, 0x0000000087900000|  0%| F|  |TAMS 0x0000000087800000, 0x0000000087800000| Untracked 
|  63|0x0000000087900000, 0x0000000087900000, 0x0000000087a00000|  0%| F|  |TAMS 0x0000000087900000, 0x0000000087900000| Untracked 
|  64|0x0000000087a00000, 0x0000000087a00000, 0x0000000087b00000|  0%| F|  |TAMS 0x0000000087a00000, 0x0000000087a00000| Untracked 
|  65|0x0000000087b00000, 0x0000000087b00000, 0x0000000087c00000|  0%| F|  |TAMS 0x0000000087b00000, 0x0000000087b00000| Untracked 
|  66|0x0000000087c00000, 0x0000000087c00000, 0x0000000087d00000|  0%| F|  |TAMS 0x0000000087c00000, 0x0000000087c00000| Untracked 
|  67|0x0000000087d00000, 0x0000000087d00000, 0x0000000087e00000|  0%| F|  |TAMS 0x0000000087d00000, 0x0000000087d00000| Untracked 
|  68|0x0000000087e00000, 0x0000000087e00000, 0x0000000087f00000|  0%| F|  |TAMS 0x0000000087e00000, 0x0000000087e00000| Untracked 
|  69|0x0000000087f00000, 0x0000000087f00000, 0x0000000088000000|  0%| F|  |TAMS 0x0000000087f00000, 0x0000000087f00000| Untracked 
|  70|0x0000000088000000, 0x0000000088000000, 0x0000000088100000|  0%| F|  |TAMS 0x0000000088000000, 0x0000000088000000| Untracked 
|  71|0x0000000088100000, 0x0000000088100000, 0x0000000088200000|  0%| F|  |TAMS 0x0000000088100000, 0x0000000088100000| Untracked 
|  72|0x0000000088200000, 0x0000000088200000, 0x0000000088300000|  0%| F|  |TAMS 0x0000000088200000, 0x0000000088200000| Untracked 
|  73|0x0000000088300000, 0x0000000088300000, 0x0000000088400000|  0%| F|  |TAMS 0x0000000088300000, 0x0000000088300000| Untracked 
|  74|0x0000000088400000, 0x0000000088400000, 0x0000000088500000|  0%| F|  |TAMS 0x0000000088400000, 0x0000000088400000| Untracked 
|  75|0x0000000088500000, 0x0000000088500000, 0x0000000088600000|  0%| F|  |TAMS 0x0000000088500000, 0x0000000088500000| Untracked 
|  76|0x0000000088600000, 0x0000000088600000, 0x0000000088700000|  0%| F|  |TAMS 0x0000000088600000, 0x0000000088600000| Untracked 
|  77|0x0000000088700000, 0x0000000088700000, 0x0000000088800000|  0%| F|  |TAMS 0x0000000088700000, 0x0000000088700000| Untracked 
|  78|0x0000000088800000, 0x0000000088800000, 0x0000000088900000|  0%| F|  |TAMS 0x0000000088800000, 0x0000000088800000| Untracked 
|  79|0x0000000088900000, 0x0000000088900000, 0x0000000088a00000|  0%| F|  |TAMS 0x0000000088900000, 0x0000000088900000| Untracked 
|  80|0x0000000088a00000, 0x0000000088a00000, 0x0000000088b00000|  0%| F|  |TAMS 0x0000000088a00000, 0x0000000088a00000| Untracked 
|  81|0x0000000088b00000, 0x0000000088b00000, 0x0000000088c00000|  0%| F|  |TAMS 0x0000000088b00000, 0x0000000088b00000| Untracked 
|  82|0x0000000088c00000, 0x0000000088c00000, 0x0000000088d00000|  0%| F|  |TAMS 0x0000000088c00000, 0x0000000088c00000| Untracked 
|  83|0x0000000088d00000, 0x0000000088d00000, 0x0000000088e00000|  0%| F|  |TAMS 0x0000000088d00000, 0x0000000088d00000| Untracked 
|  84|0x0000000088e00000, 0x0000000088e00000, 0x0000000088f00000|  0%| F|  |TAMS 0x0000000088e00000, 0x0000000088e00000| Untracked 
|  85|0x0000000088f00000, 0x0000000088f00000, 0x0000000089000000|  0%| F|  |TAMS 0x0000000088f00000, 0x0000000088f00000| Untracked 
|  86|0x0000000089000000, 0x0000000089000000, 0x0000000089100000|  0%| F|  |TAMS 0x0000000089000000, 0x0000000089000000| Untracked 
|  87|0x0000000089100000, 0x0000000089100000, 0x0000000089200000|  0%| F|  |TAMS 0x0000000089100000, 0x0000000089100000| Untracked 
|  88|0x0000000089200000, 0x0000000089200000, 0x0000000089300000|  0%| F|  |TAMS 0x0000000089200000, 0x0000000089200000| Untracked 
|  89|0x0000000089300000, 0x0000000089300000, 0x0000000089400000|  0%| F|  |TAMS 0x0000000089300000, 0x0000000089300000| Untracked 
|  90|0x0000000089400000, 0x0000000089400000, 0x0000000089500000|  0%| F|  |TAMS 0x0000000089400000, 0x0000000089400000| Untracked 
|  91|0x0000000089500000, 0x0000000089500000, 0x0000000089600000|  0%| F|  |TAMS 0x0000000089500000, 0x0000000089500000| Untracked 
|  92|0x0000000089600000, 0x0000000089600000, 0x0000000089700000|  0%| F|  |TAMS 0x0000000089600000, 0x0000000089600000| Untracked 
|  93|0x0000000089700000, 0x0000000089700000, 0x0000000089800000|  0%| F|  |TAMS 0x0000000089700000, 0x0000000089700000| Untracked 
|  94|0x0000000089800000, 0x0000000089800000, 0x0000000089900000|  0%| F|  |TAMS 0x0000000089800000, 0x0000000089800000| Untracked 
|  95|0x0000000089900000, 0x0000000089900000, 0x0000000089a00000|  0%| F|  |TAMS 0x0000000089900000, 0x0000000089900000| Untracked 
|  96|0x0000000089a00000, 0x0000000089a00000, 0x0000000089b00000|  0%| F|  |TAMS 0x0000000089a00000, 0x0000000089a00000| Untracked 
|  97|0x0000000089b00000, 0x0000000089b00000, 0x0000000089c00000|  0%| F|  |TAMS 0x0000000089b00000, 0x0000000089b00000| Untracked 
|  98|0x0000000089c00000, 0x0000000089c00000, 0x0000000089d00000|  0%| F|  |TAMS 0x0000000089c00000, 0x0000000089c00000| Untracked 
|  99|0x0000000089d00000, 0x0000000089d00000, 0x0000000089e00000|  0%| F|  |TAMS 0x0000000089d00000, 0x0000000089d00000| Untracked 
| 100|0x0000000089e00000, 0x0000000089e00000, 0x0000000089f00000|  0%| F|  |TAMS 0x0000000089e00000, 0x0000000089e00000| Untracked 
| 101|0x0000000089f00000, 0x0000000089f00000, 0x000000008a000000|  0%| F|  |TAMS 0x0000000089f00000, 0x0000000089f00000| Untracked 
| 102|0x000000008a000000, 0x000000008a000000, 0x000000008a100000|  0%| F|  |TAMS 0x000000008a000000, 0x000000008a000000| Untracked 
| 103|0x000000008a100000, 0x000000008a100000, 0x000000008a200000|  0%| F|  |TAMS 0x000000008a100000, 0x000000008a100000| Untracked 
| 104|0x000000008a200000, 0x000000008a200000, 0x000000008a300000|  0%| F|  |TAMS 0x000000008a200000, 0x000000008a200000| Untracked 
| 105|0x000000008a300000, 0x000000008a300000, 0x000000008a400000|  0%| F|  |TAMS 0x000000008a300000, 0x000000008a300000| Untracked 
| 106|0x000000008a400000, 0x000000008a400000, 0x000000008a500000|  0%| F|  |TAMS 0x000000008a400000, 0x000000008a400000| Untracked 
| 107|0x000000008a500000, 0x000000008a500000, 0x000000008a600000|  0%| F|  |TAMS 0x000000008a500000, 0x000000008a500000| Untracked 
| 108|0x000000008a600000, 0x000000008a600000, 0x000000008a700000|  0%| F|  |TAMS 0x000000008a600000, 0x000000008a600000| Untracked 
| 109|0x000000008a700000, 0x000000008a700000, 0x000000008a800000|  0%| F|  |TAMS 0x000000008a700000, 0x000000008a700000| Untracked 
| 110|0x000000008a800000, 0x000000008a800000, 0x000000008a900000|  0%| F|  |TAMS 0x000000008a800000, 0x000000008a800000| Untracked 
| 111|0x000000008a900000, 0x000000008a900000, 0x000000008aa00000|  0%| F|  |TAMS 0x000000008a900000, 0x000000008a900000| Untracked 
| 112|0x000000008aa00000, 0x000000008ab00000, 0x000000008ab00000|100%| S|CS|TAMS 0x000000008aa00000, 0x000000008aa00000| Complete 
| 113|0x000000008ab00000, 0x000000008ab00000, 0x000000008ac00000|  0%| F|  |TAMS 0x000000008ab00000, 0x000000008ab00000| Untracked 
| 114|0x000000008ac00000, 0x000000008ac00000, 0x000000008ad00000|  0%| F|  |TAMS 0x000000008ac00000, 0x000000008ac00000| Untracked 
| 115|0x000000008ad00000, 0x000000008ad00000, 0x000000008ae00000|  0%| F|  |TAMS 0x000000008ad00000, 0x000000008ad00000| Untracked 
| 116|0x000000008ae00000, 0x000000008ae00000, 0x000000008af00000|  0%| F|  |TAMS 0x000000008ae00000, 0x000000008ae00000| Untracked 
| 117|0x000000008af00000, 0x000000008af00000, 0x000000008b000000|  0%| F|  |TAMS 0x000000008af00000, 0x000000008af00000| Untracked 
| 118|0x000000008b000000, 0x000000008b000000, 0x000000008b100000|  0%| F|  |TAMS 0x000000008b000000, 0x000000008b000000| Untracked 
| 119|0x000000008b100000, 0x000000008b100000, 0x000000008b200000|  0%| F|  |TAMS 0x000000008b100000, 0x000000008b100000| Untracked 
| 120|0x000000008b200000, 0x000000008b200000, 0x000000008b300000|  0%| F|  |TAMS 0x000000008b200000, 0x000000008b200000| Untracked 
| 121|0x000000008b300000, 0x000000008b300000, 0x000000008b400000|  0%| F|  |TAMS 0x000000008b300000, 0x000000008b300000| Untracked 
| 122|0x000000008b400000, 0x000000008b400000, 0x000000008b500000|  0%| F|  |TAMS 0x000000008b400000, 0x000000008b400000| Untracked 
| 123|0x000000008b500000, 0x000000008b500000, 0x000000008b600000|  0%| F|  |TAMS 0x000000008b500000, 0x000000008b500000| Untracked 
| 124|0x000000008b600000, 0x000000008b600000, 0x000000008b700000|  0%| F|  |TAMS 0x000000008b600000, 0x000000008b600000| Untracked 
| 125|0x000000008b700000, 0x000000008b700000, 0x000000008b800000|  0%| F|  |TAMS 0x000000008b700000, 0x000000008b700000| Untracked 

Card table byte_map: [0x000002bf21a30000,0x000002bf21e20000] _byte_map_base: 0x000002bf21613000

Marking Bits (Prev, Next): (CMBitMap*) 0x000002bf0e848900, (CMBitMap*) 0x000002bf0e8488c8
 Prev Bits: [0x000002bf24130000, 0x000002bf26048000)
 Next Bits: [0x000002bf22210000, 0x000002bf24128000)

Polling page: 0x000002bf0c7e0000

Metaspace:

Usage:
  Non-class:     30.40 MB capacity,    30.12 MB (>99%) used,   234.04 KB ( <1%) free+waste,    52.44 KB ( <1%) overhead. 
      Class:      4.54 MB capacity,     4.34 MB ( 96%) used,   180.67 KB (  4%) free+waste,    25.19 KB ( <1%) overhead. 
       Both:     34.94 MB capacity,    34.46 MB ( 99%) used,   414.71 KB (  1%) free+waste,    77.63 KB ( <1%) overhead. 

Virtual space:
  Non-class space:       32.00 MB reserved,      30.42 MB ( 95%) committed 
      Class space:        1.00 GB reserved,       4.63 MB ( <1%) committed 
             Both:        1.03 GB reserved,      35.05 MB (  3%) committed 

Chunk freelists:
   Non-Class:  19.00 KB
       Class:  26.00 KB
        Both:  45.00 KB

MaxMetaspaceSize: 17179869184.00 GB
CompressedClassSpaceSize: 1.00 GB

CodeHeap 'non-profiled nmethods': size=120000Kb used=780Kb max_used=780Kb free=119219Kb
 bounds [0x000002bf19de0000, 0x000002bf1a050000, 0x000002bf21310000]
CodeHeap 'profiled nmethods': size=120000Kb used=4222Kb max_used=4222Kb free=115778Kb
 bounds [0x000002bf128b0000, 0x000002bf12cd0000, 0x000002bf19de0000]
CodeHeap 'non-nmethods': size=5760Kb used=1186Kb max_used=1232Kb free=4573Kb
 bounds [0x000002bf12310000, 0x000002bf12580000, 0x000002bf128b0000]
 total_blobs=2848 nmethods=2324 adapters=435
 compilation: enabled
              stopped_count=0, restarted_count=0
 full_count=0

Compilation events (20 events):
Event: 4.484 Thread 0x000002bf2941e800 2351       3       org.jetbrains.kotlin.metadata.ProtoBuf$QualifiedNameTable::getQualifiedName (14 bytes)
Event: 4.484 Thread 0x000002bf2941e800 nmethod 2351 0x000002bf12ccd910 code [0x000002bf12ccdae0, 0x000002bf12ccdd88]
Event: 4.484 Thread 0x000002bf2941e800 2337       3       org.jetbrains.kotlin.protobuf.CodedInputStream::readRawByte (33 bytes)
Event: 4.485 Thread 0x000002bf2941e800 nmethod 2337 0x000002bf12ccde90 code [0x000002bf12cce060, 0x000002bf12cce2d8]
Event: 4.485 Thread 0x000002bf2941e800 2340       3       org.jetbrains.kotlin.metadata.ProtoBuf$TypeTable::getDefaultInstance (4 bytes)
Event: 4.485 Thread 0x000002bf2941e800 nmethod 2340 0x000002bf12cce410 code [0x000002bf12cce5c0, 0x000002bf12cce6b8]
Event: 4.485 Thread 0x000002bf2941e800 2334       3       org.jetbrains.kotlin.protobuf.ByteString::copyFrom (21 bytes)
Event: 4.485 Thread 0x000002bf2941e800 nmethod 2334 0x000002bf12cce790 code [0x000002bf12cce960, 0x000002bf12cced68]
Event: 4.485 Thread 0x000002bf2941e800 2335       3       org.jetbrains.kotlin.protobuf.LazyStringArrayList::add (22 bytes)
Event: 4.485 Thread 0x000002bf2941e800 nmethod 2335 0x000002bf12ccef10 code [0x000002bf12ccf0c0, 0x000002bf12ccf288]
Event: 4.485 Thread 0x000002bf2941e800 2341       3       org.jetbrains.kotlin.metadata.ProtoBuf$Class::getFunctionCount (10 bytes)
Event: 4.485 Thread 0x000002bf2941e800 nmethod 2341 0x000002bf12ccf390 code [0x000002bf12ccf540, 0x000002bf12ccf708]
Event: 4.485 Thread 0x000002bf2941e800 2342       1       org.jetbrains.kotlin.protobuf.LiteralByteString::getOffsetIntoBytes (2 bytes)
Event: 4.485 Thread 0x000002bf2941e800 nmethod 2342 0x000002bf19ea1b90 code [0x000002bf19ea1d40, 0x000002bf19ea1df8]
Event: 4.485 Thread 0x000002bf2941e800 2349       1       org.jetbrains.kotlin.metadata.ProtoBuf$Annotation::getId (5 bytes)
Event: 4.485 Thread 0x000002bf2941e800 nmethod 2349 0x000002bf19ea1e90 code [0x000002bf19ea2040, 0x000002bf19ea20f8]
Event: 4.485 Thread 0x000002bf2941e800 2350       1       org.jetbrains.kotlin.metadata.ProtoBuf$Annotation::access$4700 (5 bytes)
Event: 4.486 Thread 0x000002bf2941e800 nmethod 2350 0x000002bf19ea2190 code [0x000002bf19ea2340, 0x000002bf19ea23d8]
Event: 4.497 Thread 0x000002bf2941d000 nmethod 2344 0x000002bf19ea2490 code [0x000002bf19ea2660, 0x000002bf19ea2eb8]
Event: 4.497 Thread 0x000002bf2941d000 2353   !   4       java.util.zip.InflaterInputStream::read (138 bytes)

GC Heap History (9 events):
Event: 1.004 GC heap before
{Heap before GC invocations=0 (full 0):
 garbage-first heap   total 129024K, used 27648K [0x0000000083a00000, 0x0000000100000000)
  region size 1024K, 24 young (24576K), 0 survivors (0K)
 Metaspace       used 12383K, capacity 12504K, committed 12800K, reserved 1060864K
  class space    used 1166K, capacity 1207K, committed 1280K, reserved 1048576K
}
Event: 1.010 GC heap after
{Heap after GC invocations=1 (full 0):
 garbage-first heap   total 129024K, used 5780K [0x0000000083a00000, 0x0000000100000000)
  region size 1024K, 3 young (3072K), 3 survivors (3072K)
 Metaspace       used 12383K, capacity 12504K, committed 12800K, reserved 1060864K
  class space    used 1166K, capacity 1207K, committed 1280K, reserved 1048576K
}
Event: 2.419 GC heap before
{Heap before GC invocations=1 (full 0):
 garbage-first heap   total 129024K, used 40596K [0x0000000083a00000, 0x0000000100000000)
  region size 1024K, 38 young (38912K), 3 survivors (3072K)
 Metaspace       used 20920K, capacity 21174K, committed 21296K, reserved 1069056K
  class space    used 2272K, capacity 2379K, committed 2432K, reserved 1048576K
}
Event: 2.432 GC heap after
{Heap after GC invocations=2 (full 0):
 garbage-first heap   total 129024K, used 9214K [0x0000000083a00000, 0x0000000100000000)
  region size 1024K, 6 young (6144K), 6 survivors (6144K)
 Metaspace       used 20920K, capacity 21174K, committed 21296K, reserved 1069056K
  class space    used 2272K, capacity 2379K, committed 2432K, reserved 1048576K
}
Event: 4.024 GC heap before
{Heap before GC invocations=3 (full 0):
 garbage-first heap   total 129024K, used 61438K [0x0000000083a00000, 0x0000000100000000)
  region size 1024K, 52 young (53248K), 6 survivors (6144K)
 Metaspace       used 31837K, capacity 32286K, committed 32432K, reserved 1077248K
  class space    used 3841K, capacity 4036K, committed 4096K, reserved 1048576K
}
Event: 4.051 GC heap after
{Heap after GC invocations=4 (full 0):
 garbage-first heap   total 129024K, used 20353K [0x0000000083a00000, 0x0000000100000000)
  region size 1024K, 7 young (7168K), 7 survivors (7168K)
 Metaspace       used 31837K, capacity 32286K, committed 32432K, reserved 1077248K
  class space    used 3841K, capacity 4036K, committed 4096K, reserved 1048576K
}
Event: 4.120 GC heap before
{Heap before GC invocations=4 (full 0):
 garbage-first heap   total 129024K, used 22401K [0x0000000083a00000, 0x0000000100000000)
  region size 1024K, 9 young (9216K), 7 survivors (7168K)
 Metaspace       used 32487K, capacity 33022K, committed 33200K, reserved 1079296K
  class space    used 4117K, capacity 4324K, committed 4352K, reserved 1048576K
}
Event: 4.138 GC heap after
{Heap after GC invocations=5 (full 0):
 garbage-first heap   total 129024K, used 21470K [0x0000000083a00000, 0x0000000100000000)
  region size 1024K, 1 young (1024K), 1 survivors (1024K)
 Metaspace       used 32487K, capacity 33022K, committed 33200K, reserved 1079296K
  class space    used 4117K, capacity 4324K, committed 4352K, reserved 1048576K
}
Event: 4.504 GC heap before
{Heap before GC invocations=5 (full 0):
 garbage-first heap   total 129024K, used 32734K [0x0000000083a00000, 0x0000000100000000)
  region size 1024K, 13 young (13312K), 1 survivors (1024K)
 Metaspace       used 35286K, capacity 35779K, committed 35888K, reserved 1081344K
  class space    used 4440K, capacity 4646K, committed 4736K, reserved 1048576K
}

Deoptimization events (20 events):
Event: 3.652 Thread 0x000002bf0e80f800 DEOPT PACKING pc=0x000002bf19e74b84 sp=0x000000dfe53fdb30
Event: 3.652 Thread 0x000002bf0e80f800 DEOPT UNPACKING pc=0x000002bf123183af sp=0x000000dfe53fdaa8 mode 2
Event: 3.652 Thread 0x000002bf0e80f800 Uncommon trap: trap_request=0xffffffde fr.pc=0x000002bf19e74b84 relative=0x0000000000000064
Event: 3.652 Thread 0x000002bf0e80f800 Uncommon trap: reason=class_check action=maybe_recompile pc=0x000002bf19e74b84 method=java.util.LinkedHashMap.afterNodeInsertion(Z)V @ 15 c2
Event: 3.652 Thread 0x000002bf0e80f800 DEOPT PACKING pc=0x000002bf19e74b84 sp=0x000000dfe53fdb30
Event: 3.652 Thread 0x000002bf0e80f800 DEOPT UNPACKING pc=0x000002bf123183af sp=0x000000dfe53fdaa8 mode 2
Event: 3.735 Thread 0x000002bf0e80f800 Uncommon trap: trap_request=0xffffff4d fr.pc=0x000002bf19e7ed38 relative=0x00000000000004b8
Event: 3.735 Thread 0x000002bf0e80f800 Uncommon trap: reason=unstable_if action=reinterpret pc=0x000002bf19e7ed38 method=org.jetbrains.kotlin.com.intellij.openapi.vfs.impl.ZipEntryMap.isTheOne(Lorg/jetbrains/kotlin/com/intellij/openapi/vfs/impl/ArchiveHandler$EntryInfo;Ljava/lang/CharSequence;
Event: 3.735 Thread 0x000002bf0e80f800 DEOPT PACKING pc=0x000002bf19e7ed38 sp=0x000000dfe53fde00
Event: 3.735 Thread 0x000002bf0e80f800 DEOPT UNPACKING pc=0x000002bf123183af sp=0x000000dfe53fddb0 mode 2
Event: 3.800 Thread 0x000002bf0e80f800 DEOPT PACKING pc=0x000002bf128c5fe6 sp=0x000000dfe53fe030
Event: 3.800 Thread 0x000002bf0e80f800 DEOPT UNPACKING pc=0x000002bf12337c0e sp=0x000000dfe53fd498 mode 0
Event: 4.468 Thread 0x000002bf0e80f800 Uncommon trap: trap_request=0xffffff4d fr.pc=0x000002bf19ea081c relative=0x000000000000039c
Event: 4.468 Thread 0x000002bf0e80f800 Uncommon trap: reason=unstable_if action=reinterpret pc=0x000002bf19ea081c method=org.jetbrains.kotlin.protobuf.CodedInputStream.isAtEnd()Z @ 16 c2
Event: 4.468 Thread 0x000002bf0e80f800 DEOPT PACKING pc=0x000002bf19ea081c sp=0x000000dfe53fdb00
Event: 4.468 Thread 0x000002bf0e80f800 DEOPT UNPACKING pc=0x000002bf123183af sp=0x000000dfe53fda80 mode 2
Event: 4.473 Thread 0x000002bf0e80f800 Uncommon trap: trap_request=0xffffff4d fr.pc=0x000002bf19e9d460 relative=0x0000000000000120
Event: 4.473 Thread 0x000002bf0e80f800 Uncommon trap: reason=unstable_if action=reinterpret pc=0x000002bf19e9d460 method=org.jetbrains.kotlin.protobuf.CodedInputStream.readRawVarint32()I @ 69 c2
Event: 4.473 Thread 0x000002bf0e80f800 DEOPT PACKING pc=0x000002bf19e9d460 sp=0x000000dfe53fd550
Event: 4.473 Thread 0x000002bf0e80f800 DEOPT UNPACKING pc=0x000002bf123183af sp=0x000000dfe53fd4d8 mode 2

Classes redefined (0 events):
No events

Internal exceptions (20 events):
Event: 2.520 Thread 0x000002bf0e80f800 Exception <a 'java/lang/NoSuchMethodError'{0x000000008b59bad8}: 'long java.lang.invoke.DirectMethodHandle$Holder.invokeStatic(java.lang.Object)'> (0x000000008b59bad8) thrown at [./src/hotspot/share/interpreter/linkResolver.cpp, line 773]
Event: 2.520 Thread 0x000002bf0e80f800 Exception <a 'java/lang/NoSuchMethodError'{0x000000008b59e930}: 'long java.lang.invoke.DirectMethodHandle$Holder.invokeStaticInit(java.lang.Object)'> (0x000000008b59e930) thrown at [./src/hotspot/share/interpreter/linkResolver.cpp, line 773]
Event: 2.620 Thread 0x000002bf0e80f800 Exception <a 'java/lang/NoSuchMethodError'{0x000000008b1484f0}: 'int java.lang.invoke.DirectMethodHandle$Holder.invokeStaticInit(java.lang.Object, java.lang.Object, java.lang.Object)'> (0x000000008b1484f0) thrown at [./src/hotspot/share/interpreter/linkResolver.cpp, line 773]
Event: 2.626 Thread 0x000002bf0e80f800 Exception <a 'java/lang/NoSuchMethodError'{0x000000008b173120}: 'int java.lang.invoke.DirectMethodHandle$Holder.invokeStaticInit(java.lang.Object, java.lang.Object)'> (0x000000008b173120) thrown at [./src/hotspot/share/interpreter/linkResolver.cpp, line 773]
Event: 2.709 Thread 0x000002bf0e80f800 Exception <a 'java/lang/NoSuchMethodError'{0x000000008af89a70}: 'void java.lang.invoke.DirectMethodHandle$Holder.invokeSpecial(java.lang.Object, java.lang.Object)'> (0x000000008af89a70) thrown at [./src/hotspot/share/interpreter/linkResolver.cpp, line 773]
Event: 3.043 Thread 0x000002bf0e80f800 Exception <a 'java/lang/NoSuchMethodError'{0x000000008a6119d8}: 'java.lang.Object java.lang.invoke.DirectMethodHandle$Holder.invokeStatic(java.lang.Object, java.lang.Object, java.lang.Object, java.lang.Object, java.lang.Object, java.lang.Object, java.lang.Object, java.lang.Object, java.lang.Object, java.lang.Object, java.lang.Object, java.lang.Object, java.lang.Object, java.lang.Object, java.lang.Object)'> (0x000000008a6119d8) thrown at [./src/hotspot/share/interpreter/linkResolver.cpp, line 773]
Event: 3.046 Thread 0x000002bf0e80f800 Exception <a 'java/lang/NoSuchMethodError'{0x000000008a61f9e0}: 'java.lang.Object java.lang.invoke.DirectMethodHandle$Holder.invokeStatic(java.lang.Object, java.lang.Object, java.lang.Object, java.lang.Object, java.lang.Object, java.lang.Object, java.lang.Object, java.lang.Object, java.lang.Object, java.lang.Object, java.lang.Object, java.lang.Object, java.lang.Object, java.lang.Object, java.lang.Object, java.lang.Object)'> (0x000000008a61f9e0) thrown at [./src/hotspot/share/interpreter/linkResolver.cpp, l
Event: 3.048 Thread 0x000002bf0e80f800 Exception <a 'java/lang/NoSuchMethodError'{0x000000008a62d8f8}: 'java.lang.Object java.lang.invoke.DirectMethodHandle$Holder.invokeSpecial(java.lang.Object, java.lang.Object, int, int, java.lang.Object, java.lang.Object, java.lang.Object)'> (0x000000008a62d8f8) thrown at [./src/hotspot/share/interpreter/linkResolver.cpp, line 773]
Event: 3.049 Thread 0x000002bf0e80f800 Exception <a 'java/lang/NoSuchMethodError'{0x000000008a631130}: 'java.lang.Object java.lang.invoke.DelegatingMethodHandle$Holder.reinvoke_L(java.lang.Object, int, int, java.lang.Object, java.lang.Object, java.lang.Object)'> (0x000000008a631130) thrown at [./src/hotspot/share/interpreter/linkResolver.cpp, line 773]
Event: 3.051 Thread 0x000002bf0e80f800 Exception <a 'java/lang/NoSuchMethodError'{0x000000008a6354b8}: 'java.lang.Object java.lang.invoke.DirectMethodHandle$Holder.invokeStatic(java.lang.Object, java.lang.Object, java.lang.Object, java.lang.Object, int)'> (0x000000008a6354b8) thrown at [./src/hotspot/share/interpreter/linkResolver.cpp, line 773]
Event: 3.145 Thread 0x000002bf0e80f800 Exception <a 'sun/nio/fs/WindowsException'{0x000000008a5753d0}> (0x000000008a5753d0) thrown at [./src/hotspot/share/prims/jni.cpp, line 615]
Event: 3.145 Thread 0x000002bf0e80f800 Exception <a 'sun/nio/fs/WindowsException'{0x000000008a575c48}> (0x000000008a575c48) thrown at [./src/hotspot/share/prims/jni.cpp, line 615]
Event: 3.145 Thread 0x000002bf0e80f800 Exception <a 'sun/nio/fs/WindowsException'{0x000000008a5764d0}> (0x000000008a5764d0) thrown at [./src/hotspot/share/prims/jni.cpp, line 615]
Event: 3.145 Thread 0x000002bf0e80f800 Exception <a 'sun/nio/fs/WindowsException'{0x000000008a576eb8}> (0x000000008a576eb8) thrown at [./src/hotspot/share/prims/jni.cpp, line 615]
Event: 3.145 Thread 0x000002bf0e80f800 Exception <a 'sun/nio/fs/WindowsException'{0x000000008a5777a0}> (0x000000008a5777a0) thrown at [./src/hotspot/share/prims/jni.cpp, line 615]
Event: 3.146 Thread 0x000002bf0e80f800 Exception <a 'sun/nio/fs/WindowsException'{0x000000008a5780d8}> (0x000000008a5780d8) thrown at [./src/hotspot/share/prims/jni.cpp, line 615]
Event: 3.148 Thread 0x000002bf0e80f800 Exception <a 'java/lang/NoSuchMethodError'{0x000000008a57e898}: 'void java.lang.invoke.DirectMethodHandle$Holder.invokeStatic(java.lang.Object, java.lang.Object, java.lang.Object, java.lang.Object)'> (0x000000008a57e898) thrown at [./src/hotspot/share/interpreter/linkResolver.cpp, line 773]
Event: 3.271 Thread 0x000002bf0e80f800 Exception <a 'java/lang/NoSuchMethodError'{0x000000008a15a768}: 'void java.lang.invoke.DirectMethodHandle$Holder.invokeStaticInit(java.lang.Object, java.lang.Object)'> (0x000000008a15a768) thrown at [./src/hotspot/share/interpreter/linkResolver.cpp, line 773]
Event: 3.416 Thread 0x000002bf0e80f800 Exception <a 'java/lang/NoSuchMethodError'{0x0000000089df19d8}: 'void java.lang.invoke.DirectMethodHandle$Holder.invokeVirtual(java.lang.Object, java.lang.Object)'> (0x0000000089df19d8) thrown at [./src/hotspot/share/interpreter/linkResolver.cpp, line 773]
Event: 3.431 Thread 0x000002bf0e80f800 Exception <a 'java/lang/NoSuchMethodError'{0x0000000089c66c70}: 'int java.lang.invoke.DirectMethodHandle$Holder.invokeVirtual(java.lang.Object, java.lang.Object)'> (0x0000000089c66c70) thrown at [./src/hotspot/share/interpreter/linkResolver.cpp, line 773]

Events (20 events):
Event: 4.500 loading class org/jetbrains/kotlin/serialization/deserialization/ContractDeserializer$Companion$DEFAULT$1 done
Event: 4.500 loading class org/jetbrains/kotlin/resolve/sam/SamConversionResolverImpl
Event: 4.500 loading class org/jetbrains/kotlin/resolve/sam/SamConversionResolverImpl done
Event: 4.500 loading class org/jetbrains/kotlin/resolve/sam/SamConversionResolver
Event: 4.500 loading class org/jetbrains/kotlin/resolve/sam/SamConversionResolver done
Event: 4.501 loading class org/jetbrains/kotlin/container/PlatformSpecificExtension
Event: 4.501 loading class org/jetbrains/kotlin/container/PlatformSpecificExtension done
Event: 4.501 loading class org/jetbrains/kotlin/types/checker/NewKotlinTypeChecker
Event: 4.501 loading class org/jetbrains/kotlin/types/checker/NewKotlinTypeChecker done
Event: 4.501 loading class org/jetbrains/kotlin/types/checker/KotlinTypeChecker
Event: 4.501 loading class org/jetbrains/kotlin/types/checker/KotlinTypeChecker done
Event: 4.502 loading class org/jetbrains/kotlin/types/checker/NewKotlinTypeChecker$Companion
Event: 4.502 loading class org/jetbrains/kotlin/types/checker/NewKotlinTypeChecker$Companion done
Event: 4.502 loading class org/jetbrains/kotlin/types/checker/NewKotlinTypeCheckerImpl
Event: 4.502 loading class org/jetbrains/kotlin/types/checker/NewKotlinTypeCheckerImpl done
Event: 4.503 loading class org/jetbrains/kotlin/types/checker/KotlinTypePreparator$Default
Event: 4.503 loading class org/jetbrains/kotlin/types/checker/KotlinTypePreparator$Default done
Event: 4.503 loading class org/jetbrains/kotlin/types/checker/KotlinTypePreparator
Event: 4.503 loading class org/jetbrains/kotlin/types/checker/KotlinTypePreparator done
Event: 4.504 Executing VM operation: CollectForMetadataAllocation


Dynamic libraries:
0x00007ff6fdfa0000 - 0x00007ff6fdfaa000 	C:\Program Files\Android\Android Studio\jre\bin\java.exe
0x00007ffec5e70000 - 0x00007ffec6068000 	C:\WINDOWS\SYSTEM32\ntdll.dll
0x00007ffec49d0000 - 0x00007ffec4a8d000 	C:\WINDOWS\System32\KERNEL32.DLL
0x00007ffec38e0000 - 0x00007ffec3bae000 	C:\WINDOWS\System32\KERNELBASE.dll
0x00007ffec36b0000 - 0x00007ffec37b0000 	C:\WINDOWS\System32\ucrtbase.dll
0x00007ffeb9e80000 - 0x00007ffeb9e97000 	C:\Program Files\Android\Android Studio\jre\bin\VCRUNTIME140.dll
0x00007ffeb9590000 - 0x00007ffeb95a9000 	C:\Program Files\Android\Android Studio\jre\bin\jli.dll
0x00007ffec51d0000 - 0x00007ffec5370000 	C:\WINDOWS\System32\USER32.dll
0x00007ffec3590000 - 0x00007ffec35b2000 	C:\WINDOWS\System32\win32u.dll
0x00007ffeb4450000 - 0x00007ffeb46ea000 	C:\WINDOWS\WinSxS\amd64_microsoft.windows.common-controls_6595b64144ccf1df_6.0.19041.1110_none_60b5254171f9507e\COMCTL32.dll
0x00007ffec5410000 - 0x00007ffec543a000 	C:\WINDOWS\System32\GDI32.dll
0x00007ffec47c0000 - 0x00007ffec485e000 	C:\WINDOWS\System32\msvcrt.dll
0x00007ffec3bb0000 - 0x00007ffec3cbb000 	C:\WINDOWS\System32\gdi32full.dll
0x00007ffec35c0000 - 0x00007ffec365d000 	C:\WINDOWS\System32\msvcp_win.dll
0x00007ffec49a0000 - 0x00007ffec49d0000 	C:\WINDOWS\System32\IMM32.DLL
0x00007ffea1c40000 - 0x00007ffea1cdd000 	C:\Program Files\Android\Android Studio\jre\bin\msvcp140.dll
0x00007ffe5c0e0000 - 0x00007ffe5cbb5000 	C:\Program Files\Android\Android Studio\jre\bin\server\jvm.dll
0x00007ffec5c50000 - 0x00007ffec5cfe000 	C:\WINDOWS\System32\ADVAPI32.dll
0x00007ffec5370000 - 0x00007ffec540c000 	C:\WINDOWS\System32\sechost.dll
0x00007ffec4870000 - 0x00007ffec4995000 	C:\WINDOWS\System32\RPCRT4.dll
0x00007ffec5e20000 - 0x00007ffec5e28000 	C:\WINDOWS\System32\PSAPI.DLL
0x00007ffec0aa0000 - 0x00007ffec0ac7000 	C:\WINDOWS\SYSTEM32\WINMM.dll
0x00007ffebca90000 - 0x00007ffebca9a000 	C:\WINDOWS\SYSTEM32\VERSION.dll
0x00007ffec0a90000 - 0x00007ffec0a99000 	C:\WINDOWS\SYSTEM32\WSOCK32.dll
0x00007ffec4b20000 - 0x00007ffec4b8b000 	C:\WINDOWS\System32\WS2_32.dll
0x00007ffec1e20000 - 0x00007ffec1e32000 	C:\WINDOWS\SYSTEM32\kernel.appcore.dll
0x00007ffebc010000 - 0x00007ffebc021000 	C:\Program Files\Android\Android Studio\jre\bin\verify.dll
0x00007ffec1380000 - 0x00007ffec1564000 	C:\WINDOWS\SYSTEM32\DBGHELP.DLL
0x00007ffeab950000 - 0x00007ffeab97c000 	C:\WINDOWS\SYSTEM32\dbgcore.DLL
0x00007ffec37b0000 - 0x00007ffec3832000 	C:\WINDOWS\System32\bcryptPrimitives.dll
0x00007ffeb8170000 - 0x00007ffeb8199000 	C:\Program Files\Android\Android Studio\jre\bin\java.dll
0x00007ffebe770000 - 0x00007ffebe77b000 	C:\Program Files\Android\Android Studio\jre\bin\jimage.dll
0x00007ffeb9ea0000 - 0x00007ffeb9eb8000 	C:\Program Files\Android\Android Studio\jre\bin\zip.dll
0x00007ffec5440000 - 0x00007ffec5b84000 	C:\WINDOWS\System32\SHELL32.dll
0x00007ffec1670000 - 0x00007ffec1e04000 	C:\WINDOWS\SYSTEM32\windows.storage.dll
0x00007ffec4460000 - 0x00007ffec47b4000 	C:\WINDOWS\System32\combase.dll
0x00007ffec2ff0000 - 0x00007ffec3020000 	C:\WINDOWS\SYSTEM32\Wldp.dll
0x00007ffec43a0000 - 0x00007ffec444d000 	C:\WINDOWS\System32\SHCORE.dll
0x00007ffec4340000 - 0x00007ffec4395000 	C:\WINDOWS\System32\shlwapi.dll
0x00007ffec34d0000 - 0x00007ffec34ef000 	C:\WINDOWS\SYSTEM32\profapi.dll
0x00007ffeb9e10000 - 0x00007ffeb9e2a000 	C:\Program Files\Android\Android Studio\jre\bin\net.dll
0x00007ffeb9bc0000 - 0x00007ffeb9cca000 	C:\WINDOWS\SYSTEM32\WINHTTP.dll
0x00007ffec2ce0000 - 0x00007ffec2d4a000 	C:\WINDOWS\system32\mswsock.dll
0x00007ffeb9510000 - 0x00007ffeb9524000 	C:\Program Files\Android\Android Studio\jre\bin\nio.dll

dbghelp: loaded successfully - version: 4.0.5 - missing functions: none
symbol engine: initialized successfully - sym options: 0x614 - pdb path: .;C:\Program Files\Android\Android Studio\jre\bin;C:\WINDOWS\SYSTEM32;C:\WINDOWS\WinSxS\amd64_microsoft.windows.common-controls_6595b64144ccf1df_6.0.19041.1110_none_60b5254171f9507e;C:\Program Files\Android\Android Studio\jre\bin\server

VM Arguments:
java_command: org.jetbrains.kotlin.cli.jvm.K2JVMCompiler @C:\Users\user\AndroidStudioProjects\TodoApplication\app\build\20220911_13310420038745877148.compiler.options
java_class_path (initial): C:\Users\user\.gradle\caches\modules-2\files-2.1\org.jetbrains.kotlin\kotlin-compiler-embeddable\1.6.21\97bdd5a752ce73b58ef16c17bc7f0ea2faff7a2e\kotlin-compiler-embeddable-1.6.21.jar;C:\Users\user\.gradle\caches\modules-2\files-2.1\org.jetbrains.kotlin\kotlin-reflect\1.6.21\5dc3574d9b7bebfcb4ec6b10ada4aaa9e140bd0b\kotlin-reflect-1.6.21.jar;C:\Users\user\.gradle\caches\modules-2\files-2.1\org.jetbrains.kotlin\kotlin-stdlib\1.6.21\11ef67f1900634fd951bad28c53ec957fabbe5b8\kotlin-stdlib-1.6.21.jar;C:\Users\user\.gradle\caches\modules-2\files-2.1\org.jetbrains.kotlin\kotlin-script-runtime\1.6.21\99c6675100da5d6d5b1c5a1032f27f28008d101b\kotlin-script-runtime-1.6.21.jar;C:\Users\user\.gradle\caches\modules-2\files-2.1\org.jetbrains.kotlin\kotlin-daemon-embeddable\1.6.21\46b78cf392e1c4f10854c3cadba44abb7b82250f\kotlin-daemon-embeddable-1.6.21.jar;C:\Users\user\.gradle\caches\modules-2\files-2.1\org.jetbrains.intellij.deps\trove4j\1.0.20200330\3afb14d5f9ceb459d724e907a21145e8ff394f02\trove4j-1.0.20200330.jar;C:\Users\user\.gradle\caches\modules-2\files-2.1\net.java.dev.jna\jna\5.6.0\330f2244e9030119ab3030fc3fededc86713d9cc\jna-5.6.0.jar;C:\Users\user\.gradle\caches\modules-2\files-2.1\org.jetbrains.kotlin\kotlin-stdlib-common\1.6.21\5e5b55c26dbc80372a920aef60eb774b714559b8\kotlin-stdlib-common-1.6.21.jar;C:\Users\user\.gradle\caches\modules-2\files-2.1\org.jetbrains\annotations\13.0\919f0dfe192fb4e063e7dacadee7f8bb9a2672a9\annotations-13.0.jar
Launcher Type: SUN_STANDARD

[Global flags]
     intx CICompilerCount                          = 4                                         {product} {ergonomic}
     uint ConcGCThreads                            = 2                                         {product} {ergonomic}
     uint G1ConcRefinementThreads                  = 8                                         {product} {ergonomic}
   size_t G1HeapRegionSize                         = 1048576                                   {product} {ergonomic}
    uintx GCDrainStackTargetSize                   = 64                                        {product} {ergonomic}
   size_t InitialHeapSize                          = 132120576                                 {product} {ergonomic}
   size_t MarkStackSize                            = 4194304                                   {product} {ergonomic}
   size_t MaxHeapSize                              = 2086666240                                {product} {ergonomic}
   size_t MaxNewSize                               = 1251999744                                {product} {ergonomic}
   size_t MinHeapDeltaBytes                        = 1048576                                   {product} {ergonomic}
    uintx NonNMethodCodeHeapSize                   = 5836300                                {pd product} {ergonomic}
    uintx NonProfiledCodeHeapSize                  = 122910970                              {pd product} {ergonomic}
    uintx ProfiledCodeHeapSize                     = 122910970                              {pd product} {ergonomic}
    uintx ReservedCodeCacheSize                    = 251658240                              {pd product} {ergonomic}
     bool SegmentedCodeCache                       = true                                      {product} {ergonomic}
     bool UseCompressedClassPointers               = true                                 {lp64_product} {ergonomic}
     bool UseCompressedOops                        = true                                 {lp64_product} {ergonomic}
     bool UseG1GC                                  = true                                      {product} {ergonomic}
     bool UseLargePagesIndividualAllocation        = false                                  {pd product} {ergonomic}

Logging:
Log output configuration:
 #0: stdout all=warning uptime,level,tags
 #1: stderr all=off uptime,level,tags

Environment Variables:
JAVA_HOME=C:\Program Files\Java\jdk1.8.0_181
PATH=C:\Users\user\OneDrive\Desktop\WINDOWS.X64_193000_db_home\bin;C:\Program Files (x86)\Common Files\Oracle\Java\javapath;C:\WINDOWS\system32;C:\WINDOWS;C:\WINDOWS\System32\Wbem;C:\WINDOWS\System32\WindowsPowerShell\v1.0\;C:\WINDOWS\System32\OpenSSH\;E:\Git\cmd;C:\Users\user\AppData\Local\Microsoft\WindowsApps;E:\Microsoft VS Code\bin;C:\Program Files\Java\jdk1.8.0_181\bin;C:\xampp\tomcat\lib\servlet-api.jar;
USERNAME=user
OS=Windows_NT
PROCESSOR_IDENTIFIER=Intel64 Family 6 Model 126 Stepping 5, GenuineIntel



---------------  S Y S T E M  ---------------

OS: Windows 10 , 64 bit Build 19041 (10.0.19041.1889)
OS uptime: 2 days 18:40 hours

CPU:total 8 (initial active 8) (4 cores per cpu, 2 threads per core) family 6 model 126 stepping 5 microcode 0xb0, cmov, cx8, fxsr, mmx, sse, sse2, sse3, ssse3, sse4.1, sse4.2, popcnt, avx, avx2, aes, clmul, erms, 3dnowpref, lzcnt, ht, tsc, tscinvbit, bmi1, bmi2, adx, evex, sha, fma

Memory: 4k page, system-wide physical 7959M (94M free)
TotalPageFile size 32535M (AvailPageFile size 5M)
current process WorkingSet (physical memory assigned to process): 198M, peak: 198M
current process commit charge ("private bytes"): 282M, peak: 308M

vm_info: OpenJDK 64-Bit Server VM (11.0.11+9-b60-7590822) for windows-amd64 JRE (11.0.11+9-b60-7590822), built on Jul 29 2021 21:43:44 by "builder" with MS VC++ 14.0 (VS2015)

END.
